CRITICAL - 2024-03-06 06:53:51 --> ParseError: syntax error, unexpected token "return", expecting "("
in APPPATH\Controllers\Admin.php on line 18.
 1 SYSTEMPATH\Autoloader\Autoloader.php(290): CodeIgniter\Autoloader\Autoloader->includeFile('C:\\xampp\\htdocs\\sirah\\app\\Controllers\\Admin.php')
 2 SYSTEMPATH\Autoloader\Autoloader.php(266): CodeIgniter\Autoloader\Autoloader->loadInNamespace('App\\Controllers\\Admin')
 3 [internal function]: CodeIgniter\Autoloader\Autoloader->loadClass('App\\Controllers\\Admin')
 4 SYSTEMPATH\CodeIgniter.php(899): class_exists('\\App\\Controllers\\Admin', true)
 5 SYSTEMPATH\CodeIgniter.php(489): CodeIgniter\CodeIgniter->startController()
 6 SYSTEMPATH\CodeIgniter.php(361): CodeIgniter\CodeIgniter->handleRequest(null, Object(Config\Cache), false)
 7 FCPATH\index.php(79): CodeIgniter\CodeIgniter->run()
CRITICAL - 2024-03-06 08:09:11 --> Error: Undefined constant "base_"
in APPPATH\Views\admin\add_writer.php on line 29.
 1 SYSTEMPATH\View\View.php(228): include()
 2 SYSTEMPATH\View\View.php(231): CodeIgniter\View\View->CodeIgniter\View\{closure}()
 3 SYSTEMPATH\Common.php(1178): CodeIgniter\View\View->render('admin/add_writer', [], true)
 4 APPPATH\Controllers\Admin.php(49): view('admin/add_writer')
 5 SYSTEMPATH\CodeIgniter.php(941): App\Controllers\Admin->addWriter()
 6 SYSTEMPATH\CodeIgniter.php(502): CodeIgniter\CodeIgniter->runController(Object(App\Controllers\Admin))
 7 SYSTEMPATH\CodeIgniter.php(361): CodeIgniter\CodeIgniter->handleRequest(null, Object(Config\Cache), false)
 8 FCPATH\index.php(79): CodeIgniter\CodeIgniter->run()
ERROR - 2024-03-06 08:10:34 --> mysqli_sql_exception: Unknown column 'name' in 'field list' in C:\xampp\htdocs\sirah\system\Database\MySQLi\Connection.php:306
Stack trace:
#0 C:\xampp\htdocs\sirah\system\Database\MySQLi\Connection.php(306): mysqli->query('INSERT INTO `wr...', 0)
#1 C:\xampp\htdocs\sirah\system\Database\BaseConnection.php(693): CodeIgniter\Database\MySQLi\Connection->execute('INSERT INTO `wr...')
#2 C:\xampp\htdocs\sirah\system\Database\BaseConnection.php(607): CodeIgniter\Database\BaseConnection->simpleQuery('INSERT INTO `wr...')
#3 C:\xampp\htdocs\sirah\system\Database\BaseBuilder.php(2307): CodeIgniter\Database\BaseConnection->query('INSERT INTO `wr...', Array, false)
#4 C:\xampp\htdocs\sirah\system\Model.php(326): CodeIgniter\Database\BaseBuilder->insert()
#5 C:\xampp\htdocs\sirah\system\BaseModel.php(802): CodeIgniter\Model->doInsert(Array)
#6 C:\xampp\htdocs\sirah\system\Model.php(744): CodeIgniter\BaseModel->insert(Array, true)
#7 C:\xampp\htdocs\sirah\app\Controllers\Admin.php(44): CodeIgniter\Model->insert(Array)
#8 C:\xampp\htdocs\sirah\system\CodeIgniter.php(941): App\Controllers\Admin->addWriter()
#9 C:\xampp\htdocs\sirah\system\CodeIgniter.php(502): CodeIgniter\CodeIgniter->runController(Object(App\Controllers\Admin))
#10 C:\xampp\htdocs\sirah\system\CodeIgniter.php(361): CodeIgniter\CodeIgniter->handleRequest(NULL, Object(Config\Cache), false)
#11 C:\xampp\htdocs\sirah\index.php(79): CodeIgniter\CodeIgniter->run()
#12 {main}
CRITICAL - 2024-03-06 08:10:34 --> CodeIgniter\Database\Exceptions\DatabaseException: Unknown column 'name' in 'field list'
in SYSTEMPATH\Database\BaseConnection.php on line 647.
 1 SYSTEMPATH\Database\BaseBuilder.php(2307): CodeIgniter\Database\BaseConnection->query('INSERT INTO `writer` (`name`, `edu`, `nat`, `des`, `img`, `wsk`) VALUES (:name:, :edu:, :nat:, :des:, :img:, :wsk:)', [...], false)
 2 SYSTEMPATH\Model.php(326): CodeIgniter\Database\BaseBuilder->insert()
 3 SYSTEMPATH\BaseModel.php(802): CodeIgniter\Model->doInsert([...])
 4 SYSTEMPATH\Model.php(744): CodeIgniter\BaseModel->insert([...], true)
 5 APPPATH\Controllers\Admin.php(44): CodeIgniter\Model->insert([...])
 6 SYSTEMPATH\CodeIgniter.php(941): App\Controllers\Admin->addWriter()
 7 SYSTEMPATH\CodeIgniter.php(502): CodeIgniter\CodeIgniter->runController(Object(App\Controllers\Admin))
 8 SYSTEMPATH\CodeIgniter.php(361): CodeIgniter\CodeIgniter->handleRequest(null, Object(Config\Cache), false)
 9 FCPATH\index.php(79): CodeIgniter\CodeIgniter->run()
CRITICAL - 2024-03-06 08:10:34 --> [Caused by] CodeIgniter\Database\Exceptions\DatabaseException: Unknown column 'name' in 'field list'
in SYSTEMPATH\Database\MySQLi\Connection.php on line 311.
 1 SYSTEMPATH\Database\BaseConnection.php(693): CodeIgniter\Database\MySQLi\Connection->execute('INSERT INTO `writer` (`name`, `edu`, `nat`, `des`, `img`, `wsk`) VALUES (\'fkdjf\', \'ksdjf\', \'skdjf\', \'skdfj\', \'C:\\\\xampp\\\\tmp\\\\php8D7E.tmp\', \'65e824f9b4f8e\')')
 2 SYSTEMPATH\Database\BaseConnection.php(607): CodeIgniter\Database\BaseConnection->simpleQuery('INSERT INTO `writer` (`name`, `edu`, `nat`, `des`, `img`, `wsk`) VALUES (\'fkdjf\', \'ksdjf\', \'skdjf\', \'skdfj\', \'C:\\\\xampp\\\\tmp\\\\php8D7E.tmp\', \'65e824f9b4f8e\')')
 3 SYSTEMPATH\Database\BaseBuilder.php(2307): CodeIgniter\Database\BaseConnection->query('INSERT INTO `writer` (`name`, `edu`, `nat`, `des`, `img`, `wsk`) VALUES (:name:, :edu:, :nat:, :des:, :img:, :wsk:)', [...], false)
 4 SYSTEMPATH\Model.php(326): CodeIgniter\Database\BaseBuilder->insert()
 5 SYSTEMPATH\BaseModel.php(802): CodeIgniter\Model->doInsert([...])
 6 SYSTEMPATH\Model.php(744): CodeIgniter\BaseModel->insert([...], true)
 7 APPPATH\Controllers\Admin.php(44): CodeIgniter\Model->insert([...])
 8 SYSTEMPATH\CodeIgniter.php(941): App\Controllers\Admin->addWriter()
 9 SYSTEMPATH\CodeIgniter.php(502): CodeIgniter\CodeIgniter->runController(Object(App\Controllers\Admin))
10 SYSTEMPATH\CodeIgniter.php(361): CodeIgniter\CodeIgniter->handleRequest(null, Object(Config\Cache), false)
11 FCPATH\index.php(79): CodeIgniter\CodeIgniter->run()
CRITICAL - 2024-03-06 08:10:34 --> [Caused by] mysqli_sql_exception: Unknown column 'name' in 'field list'
in SYSTEMPATH\Database\MySQLi\Connection.php on line 306.
 1 SYSTEMPATH\Database\MySQLi\Connection.php(306): mysqli->query('INSERT INTO `writer` (`name`, `edu`, `nat`, `des`, `img`, `wsk`) VALUES (\'fkdjf\', \'ksdjf\', \'skdjf\', \'skdfj\', \'C:\\\\xampp\\\\tmp\\\\php8D7E.tmp\', \'65e824f9b4f8e\')', 0)
 2 SYSTEMPATH\Database\BaseConnection.php(693): CodeIgniter\Database\MySQLi\Connection->execute('INSERT INTO `writer` (`name`, `edu`, `nat`, `des`, `img`, `wsk`) VALUES (\'fkdjf\', \'ksdjf\', \'skdjf\', \'skdfj\', \'C:\\\\xampp\\\\tmp\\\\php8D7E.tmp\', \'65e824f9b4f8e\')')
 3 SYSTEMPATH\Database\BaseConnection.php(607): CodeIgniter\Database\BaseConnection->simpleQuery('INSERT INTO `writer` (`name`, `edu`, `nat`, `des`, `img`, `wsk`) VALUES (\'fkdjf\', \'ksdjf\', \'skdjf\', \'skdfj\', \'C:\\\\xampp\\\\tmp\\\\php8D7E.tmp\', \'65e824f9b4f8e\')')
 4 SYSTEMPATH\Database\BaseBuilder.php(2307): CodeIgniter\Database\BaseConnection->query('INSERT INTO `writer` (`name`, `edu`, `nat`, `des`, `img`, `wsk`) VALUES (:name:, :edu:, :nat:, :des:, :img:, :wsk:)', [...], false)
 5 SYSTEMPATH\Model.php(326): CodeIgniter\Database\BaseBuilder->insert()
 6 SYSTEMPATH\BaseModel.php(802): CodeIgniter\Model->doInsert([...])
 7 SYSTEMPATH\Model.php(744): CodeIgniter\BaseModel->insert([...], true)
 8 APPPATH\Controllers\Admin.php(44): CodeIgniter\Model->insert([...])
 9 SYSTEMPATH\CodeIgniter.php(941): App\Controllers\Admin->addWriter()
10 SYSTEMPATH\CodeIgniter.php(502): CodeIgniter\CodeIgniter->runController(Object(App\Controllers\Admin))
11 SYSTEMPATH\CodeIgniter.php(361): CodeIgniter\CodeIgniter->handleRequest(null, Object(Config\Cache), false)
12 FCPATH\index.php(79): CodeIgniter\CodeIgniter->run()
CRITICAL - 2024-03-06 08:13:57 --> ParseError: syntax error, unexpected single-quoted string "/writerImage", expecting ")"
in APPPATH\Controllers\Admin.php on line 31.
 1 SYSTEMPATH\Autoloader\Autoloader.php(290): CodeIgniter\Autoloader\Autoloader->includeFile('C:\\xampp\\htdocs\\sirah\\app\\Controllers\\Admin.php')
 2 SYSTEMPATH\Autoloader\Autoloader.php(266): CodeIgniter\Autoloader\Autoloader->loadInNamespace('App\\Controllers\\Admin')
 3 [internal function]: CodeIgniter\Autoloader\Autoloader->loadClass('App\\Controllers\\Admin')
 4 SYSTEMPATH\CodeIgniter.php(899): class_exists('\\App\\Controllers\\Admin', true)
 5 SYSTEMPATH\CodeIgniter.php(489): CodeIgniter\CodeIgniter->startController()
 6 SYSTEMPATH\CodeIgniter.php(361): CodeIgniter\CodeIgniter->handleRequest(null, Object(Config\Cache), false)
 7 FCPATH\index.php(79): CodeIgniter\CodeIgniter->run()
CRITICAL - 2024-03-06 08:14:23 --> ErrorException: fopen(http://localhost/sirah/public/writerImage/index.html): Failed to open stream: HTTP wrapper does not support writeable connections
in SYSTEMPATH\HTTP\Files\UploadedFile.php on line 188.
 1 [internal function]: CodeIgniter\Debug\Exceptions->errorHandler(2, 'fopen(http://localhost/sirah/public/writerImage/index.html): Failed to open stream: HTTP wrapper does not support writeable connections', 'C:\\xampp\\htdocs\\sirah\\system\\HTTP\\Files\\UploadedFile.php', 188)
 2 SYSTEMPATH\HTTP\Files\UploadedFile.php(188): fopen('http://localhost/sirah/public/writerImage/index.html', 'x+b')
 3 SYSTEMPATH\HTTP\Files\UploadedFile.php(139): CodeIgniter\HTTP\Files\UploadedFile->setPath('http://localhost/sirah/public/writerImage/')
 4 APPPATH\Controllers\Admin.php(31): CodeIgniter\HTTP\Files\UploadedFile->move('http://localhost/sirah/public/writerImage/', '1709712863_ab787c5650f0fd464242.png')
 5 SYSTEMPATH\CodeIgniter.php(941): App\Controllers\Admin->addWriter()
 6 SYSTEMPATH\CodeIgniter.php(502): CodeIgniter\CodeIgniter->runController(Object(App\Controllers\Admin))
 7 SYSTEMPATH\CodeIgniter.php(361): CodeIgniter\CodeIgniter->handleRequest(null, Object(Config\Cache), false)
 8 FCPATH\index.php(79): CodeIgniter\CodeIgniter->run()
CRITICAL - 2024-03-06 08:14:52 --> ErrorException: fopen(http://localhost/sirah/public/writerImage/index.html): Failed to open stream: HTTP wrapper does not support writeable connections
in SYSTEMPATH\HTTP\Files\UploadedFile.php on line 188.
 1 [internal function]: CodeIgniter\Debug\Exceptions->errorHandler(2, 'fopen(http://localhost/sirah/public/writerImage/index.html): Failed to open stream: HTTP wrapper does not support writeable connections', 'C:\\xampp\\htdocs\\sirah\\system\\HTTP\\Files\\UploadedFile.php', 188)
 2 SYSTEMPATH\HTTP\Files\UploadedFile.php(188): fopen('http://localhost/sirah/public/writerImage/index.html', 'x+b')
 3 SYSTEMPATH\HTTP\Files\UploadedFile.php(139): CodeIgniter\HTTP\Files\UploadedFile->setPath('http://localhost/sirah/public/writerImage/')
 4 APPPATH\Controllers\Admin.php(31): CodeIgniter\HTTP\Files\UploadedFile->move('http://localhost/sirah/public/writerImage/', '1709712892_015c1bf6dbc38100b9a6.png')
 5 SYSTEMPATH\CodeIgniter.php(941): App\Controllers\Admin->addWriter()
 6 SYSTEMPATH\CodeIgniter.php(502): CodeIgniter\CodeIgniter->runController(Object(App\Controllers\Admin))
 7 SYSTEMPATH\CodeIgniter.php(361): CodeIgniter\CodeIgniter->handleRequest(null, Object(Config\Cache), false)
 8 FCPATH\index.php(79): CodeIgniter\CodeIgniter->run()
CRITICAL - 2024-03-06 08:31:46 --> Error: Call to undefined method CodeIgniter\HTTP\Files\UploadedFile::getN()
in APPPATH\Controllers\Admin.php on line 31.
 1 SYSTEMPATH\CodeIgniter.php(941): App\Controllers\Admin->addWriter()
 2 SYSTEMPATH\CodeIgniter.php(502): CodeIgniter\CodeIgniter->runController(Object(App\Controllers\Admin))
 3 SYSTEMPATH\CodeIgniter.php(361): CodeIgniter\CodeIgniter->handleRequest(null, Object(Config\Cache), false)
 4 FCPATH\index.php(79): CodeIgniter\CodeIgniter->run()
CRITICAL - 2024-03-06 08:41:12 --> ParseError: syntax error, unexpected token ","
in APPPATH\Controllers\Admin.php on line 41.
 1 SYSTEMPATH\Autoloader\Autoloader.php(290): CodeIgniter\Autoloader\Autoloader->includeFile('C:\\xampp\\htdocs\\sirah\\app\\Controllers\\Admin.php')
 2 SYSTEMPATH\Autoloader\Autoloader.php(266): CodeIgniter\Autoloader\Autoloader->loadInNamespace('App\\Controllers\\Admin')
 3 [internal function]: CodeIgniter\Autoloader\Autoloader->loadClass('App\\Controllers\\Admin')
 4 SYSTEMPATH\CodeIgniter.php(899): class_exists('\\App\\Controllers\\Admin', true)
 5 SYSTEMPATH\CodeIgniter.php(489): CodeIgniter\CodeIgniter->startController()
 6 SYSTEMPATH\CodeIgniter.php(361): CodeIgniter\CodeIgniter->handleRequest(null, Object(Config\Cache), false)
 7 FCPATH\index.php(79): CodeIgniter\CodeIgniter->run()
ERROR - 2024-03-06 08:46:09 --> mysqli_sql_exception: Column 'wsk' cannot be null in C:\xampp\htdocs\sirah\system\Database\MySQLi\Connection.php:306
Stack trace:
#0 C:\xampp\htdocs\sirah\system\Database\MySQLi\Connection.php(306): mysqli->query('INSERT INTO `wr...', 0)
#1 C:\xampp\htdocs\sirah\system\Database\BaseConnection.php(693): CodeIgniter\Database\MySQLi\Connection->execute('INSERT INTO `wr...')
#2 C:\xampp\htdocs\sirah\system\Database\BaseConnection.php(607): CodeIgniter\Database\BaseConnection->simpleQuery('INSERT INTO `wr...')
#3 C:\xampp\htdocs\sirah\system\Database\BaseBuilder.php(2307): CodeIgniter\Database\BaseConnection->query('INSERT INTO `wr...', Array, false)
#4 C:\xampp\htdocs\sirah\system\Model.php(326): CodeIgniter\Database\BaseBuilder->insert()
#5 C:\xampp\htdocs\sirah\system\BaseModel.php(802): CodeIgniter\Model->doInsert(Array)
#6 C:\xampp\htdocs\sirah\system\Model.php(744): CodeIgniter\BaseModel->insert(Array, true)
#7 C:\xampp\htdocs\sirah\app\Controllers\Admin.php(45): CodeIgniter\Model->insert(Array)
#8 C:\xampp\htdocs\sirah\system\CodeIgniter.php(941): App\Controllers\Admin->addWriter()
#9 C:\xampp\htdocs\sirah\system\CodeIgniter.php(502): CodeIgniter\CodeIgniter->runController(Object(App\Controllers\Admin))
#10 C:\xampp\htdocs\sirah\system\CodeIgniter.php(361): CodeIgniter\CodeIgniter->handleRequest(NULL, Object(Config\Cache), false)
#11 C:\xampp\htdocs\sirah\index.php(79): CodeIgniter\CodeIgniter->run()
#12 {main}
CRITICAL - 2024-03-06 08:46:09 --> CodeIgniter\Database\Exceptions\DatabaseException: Column 'wsk' cannot be null
in SYSTEMPATH\Database\BaseConnection.php on line 647.
 1 SYSTEMPATH\Database\BaseBuilder.php(2307): CodeIgniter\Database\BaseConnection->query('INSERT INTO `writer` (`name`, `edu`, `nat`, `des`, `img`, `wsk`) VALUES (:name:, :edu:, :nat:, :des:, :img:, :wsk:)', [...], false)
 2 SYSTEMPATH\Model.php(326): CodeIgniter\Database\BaseBuilder->insert()
 3 SYSTEMPATH\BaseModel.php(802): CodeIgniter\Model->doInsert([...])
 4 SYSTEMPATH\Model.php(744): CodeIgniter\BaseModel->insert([...], true)
 5 APPPATH\Controllers\Admin.php(45): CodeIgniter\Model->insert([...])
 6 SYSTEMPATH\CodeIgniter.php(941): App\Controllers\Admin->addWriter()
 7 SYSTEMPATH\CodeIgniter.php(502): CodeIgniter\CodeIgniter->runController(Object(App\Controllers\Admin))
 8 SYSTEMPATH\CodeIgniter.php(361): CodeIgniter\CodeIgniter->handleRequest(null, Object(Config\Cache), false)
 9 FCPATH\index.php(79): CodeIgniter\CodeIgniter->run()
CRITICAL - 2024-03-06 08:46:09 --> [Caused by] CodeIgniter\Database\Exceptions\DatabaseException: Column 'wsk' cannot be null
in SYSTEMPATH\Database\MySQLi\Connection.php on line 311.
 1 SYSTEMPATH\Database\BaseConnection.php(693): CodeIgniter\Database\MySQLi\Connection->execute('INSERT INTO `writer` (`name`, `edu`, `nat`, `des`, `img`, `wsk`) VALUES (\'hihi\', \'hbh\', \'jbh\', \'khjh\', \'sujud_2.png\', NULL)')
 2 SYSTEMPATH\Database\BaseConnection.php(607): CodeIgniter\Database\BaseConnection->simpleQuery('INSERT INTO `writer` (`name`, `edu`, `nat`, `des`, `img`, `wsk`) VALUES (\'hihi\', \'hbh\', \'jbh\', \'khjh\', \'sujud_2.png\', NULL)')
 3 SYSTEMPATH\Database\BaseBuilder.php(2307): CodeIgniter\Database\BaseConnection->query('INSERT INTO `writer` (`name`, `edu`, `nat`, `des`, `img`, `wsk`) VALUES (:name:, :edu:, :nat:, :des:, :img:, :wsk:)', [...], false)
 4 SYSTEMPATH\Model.php(326): CodeIgniter\Database\BaseBuilder->insert()
 5 SYSTEMPATH\BaseModel.php(802): CodeIgniter\Model->doInsert([...])
 6 SYSTEMPATH\Model.php(744): CodeIgniter\BaseModel->insert([...], true)
 7 APPPATH\Controllers\Admin.php(45): CodeIgniter\Model->insert([...])
 8 SYSTEMPATH\CodeIgniter.php(941): App\Controllers\Admin->addWriter()
 9 SYSTEMPATH\CodeIgniter.php(502): CodeIgniter\CodeIgniter->runController(Object(App\Controllers\Admin))
10 SYSTEMPATH\CodeIgniter.php(361): CodeIgniter\CodeIgniter->handleRequest(null, Object(Config\Cache), false)
11 FCPATH\index.php(79): CodeIgniter\CodeIgniter->run()
CRITICAL - 2024-03-06 08:46:09 --> [Caused by] mysqli_sql_exception: Column 'wsk' cannot be null
in SYSTEMPATH\Database\MySQLi\Connection.php on line 306.
 1 SYSTEMPATH\Database\MySQLi\Connection.php(306): mysqli->query('INSERT INTO `writer` (`name`, `edu`, `nat`, `des`, `img`, `wsk`) VALUES (\'hihi\', \'hbh\', \'jbh\', \'khjh\', \'sujud_2.png\', NULL)', 0)
 2 SYSTEMPATH\Database\BaseConnection.php(693): CodeIgniter\Database\MySQLi\Connection->execute('INSERT INTO `writer` (`name`, `edu`, `nat`, `des`, `img`, `wsk`) VALUES (\'hihi\', \'hbh\', \'jbh\', \'khjh\', \'sujud_2.png\', NULL)')
 3 SYSTEMPATH\Database\BaseConnection.php(607): CodeIgniter\Database\BaseConnection->simpleQuery('INSERT INTO `writer` (`name`, `edu`, `nat`, `des`, `img`, `wsk`) VALUES (\'hihi\', \'hbh\', \'jbh\', \'khjh\', \'sujud_2.png\', NULL)')
 4 SYSTEMPATH\Database\BaseBuilder.php(2307): CodeIgniter\Database\BaseConnection->query('INSERT INTO `writer` (`name`, `edu`, `nat`, `des`, `img`, `wsk`) VALUES (:name:, :edu:, :nat:, :des:, :img:, :wsk:)', [...], false)
 5 SYSTEMPATH\Model.php(326): CodeIgniter\Database\BaseBuilder->insert()
 6 SYSTEMPATH\BaseModel.php(802): CodeIgniter\Model->doInsert([...])
 7 SYSTEMPATH\Model.php(744): CodeIgniter\BaseModel->insert([...], true)
 8 APPPATH\Controllers\Admin.php(45): CodeIgniter\Model->insert([...])
 9 SYSTEMPATH\CodeIgniter.php(941): App\Controllers\Admin->addWriter()
10 SYSTEMPATH\CodeIgniter.php(502): CodeIgniter\CodeIgniter->runController(Object(App\Controllers\Admin))
11 SYSTEMPATH\CodeIgniter.php(361): CodeIgniter\CodeIgniter->handleRequest(null, Object(Config\Cache), false)
12 FCPATH\index.php(79): CodeIgniter\CodeIgniter->run()
CRITICAL - 2024-03-06 08:52:37 --> Error: Undefined constant "base"
in APPPATH\Views\admin\navbar.php on line 4.
 1 APPPATH\Views\admin\add_writer.php(21): include()
 2 SYSTEMPATH\View\View.php(228): include('C:\\xampp\\htdocs\\sirah\\app\\Views\\admin\\add_writer.php')
 3 SYSTEMPATH\View\View.php(231): CodeIgniter\View\View->CodeIgniter\View\{closure}()
 4 SYSTEMPATH\Common.php(1178): CodeIgniter\View\View->render('admin/add_writer', [], true)
 5 APPPATH\Controllers\Admin.php(50): view('admin/add_writer')
 6 SYSTEMPATH\CodeIgniter.php(941): App\Controllers\Admin->addWriter()
 7 SYSTEMPATH\CodeIgniter.php(502): CodeIgniter\CodeIgniter->runController(Object(App\Controllers\Admin))
 8 SYSTEMPATH\CodeIgniter.php(361): CodeIgniter\CodeIgniter->handleRequest(null, Object(Config\Cache), false)
 9 FCPATH\index.php(79): CodeIgniter\CodeIgniter->run()
CRITICAL - 2024-03-06 09:50:08 --> Error: Undefined constant "base"
in APPPATH\Views\admin\navbar.php on line 25.
 1 APPPATH\Views\admin\home.php(14): include()
 2 SYSTEMPATH\View\View.php(228): include('C:\\xampp\\htdocs\\sirah\\app\\Views\\admin\\home.php')
 3 SYSTEMPATH\View\View.php(231): CodeIgniter\View\View->CodeIgniter\View\{closure}()
 4 SYSTEMPATH\Common.php(1178): CodeIgniter\View\View->render('admin/home', [], true)
 5 APPPATH\Controllers\Admin.php(11): view('admin/home')
 6 SYSTEMPATH\CodeIgniter.php(941): App\Controllers\Admin->home()
 7 SYSTEMPATH\CodeIgniter.php(502): CodeIgniter\CodeIgniter->runController(Object(App\Controllers\Admin))
 8 SYSTEMPATH\CodeIgniter.php(361): CodeIgniter\CodeIgniter->handleRequest(null, Object(Config\Cache), false)
 9 FCPATH\index.php(79): CodeIgniter\CodeIgniter->run()
CRITICAL - 2024-03-06 10:28:39 --> ParseError: syntax error, unexpected token "return"
in APPPATH\Controllers\Admin.php on line 14.
 1 SYSTEMPATH\Autoloader\Autoloader.php(290): CodeIgniter\Autoloader\Autoloader->includeFile('C:\\xampp\\htdocs\\sirah\\app\\Controllers\\Admin.php')
 2 SYSTEMPATH\Autoloader\Autoloader.php(266): CodeIgniter\Autoloader\Autoloader->loadInNamespace('App\\Controllers\\Admin')
 3 [internal function]: CodeIgniter\Autoloader\Autoloader->loadClass('App\\Controllers\\Admin')
 4 SYSTEMPATH\CodeIgniter.php(899): class_exists('\\App\\Controllers\\Admin', true)
 5 SYSTEMPATH\CodeIgniter.php(489): CodeIgniter\CodeIgniter->startController()
 6 SYSTEMPATH\CodeIgniter.php(361): CodeIgniter\CodeIgniter->handleRequest(null, Object(Config\Cache), false)
 7 FCPATH\index.php(79): CodeIgniter\CodeIgniter->run()
CRITICAL - 2024-03-06 10:29:24 --> Exception: DateTimeZone::__construct(): Unknown or bad timezone (Asia)
in SYSTEMPATH\I18n\TimeTrait.php on line 90.
 1 SYSTEMPATH\I18n\TimeTrait.php(90): DateTimeZone->__construct('Asia')
 2 SYSTEMPATH\I18n\TimeTrait.php(115): CodeIgniter\I18n\Time->__construct('', 'Asia', null)
 3 APPPATH\Controllers\Admin.php(13): CodeIgniter\I18n\Time::now('Asia')
 4 SYSTEMPATH\CodeIgniter.php(941): App\Controllers\Admin->home()
 5 SYSTEMPATH\CodeIgniter.php(502): CodeIgniter\CodeIgniter->runController(Object(App\Controllers\Admin))
 6 SYSTEMPATH\CodeIgniter.php(361): CodeIgniter\CodeIgniter->handleRequest(null, Object(Config\Cache), false)
 7 FCPATH\index.php(79): CodeIgniter\CodeIgniter->run()
CRITICAL - 2024-03-06 10:31:32 --> ParseError: syntax error, unexpected token "echo"
in APPPATH\Controllers\Admin.php on line 16.
 1 SYSTEMPATH\Autoloader\Autoloader.php(290): CodeIgniter\Autoloader\Autoloader->includeFile('C:\\xampp\\htdocs\\sirah\\app\\Controllers\\Admin.php')
 2 SYSTEMPATH\Autoloader\Autoloader.php(266): CodeIgniter\Autoloader\Autoloader->loadInNamespace('App\\Controllers\\Admin')
 3 [internal function]: CodeIgniter\Autoloader\Autoloader->loadClass('App\\Controllers\\Admin')
 4 SYSTEMPATH\CodeIgniter.php(899): class_exists('\\App\\Controllers\\Admin', true)
 5 SYSTEMPATH\CodeIgniter.php(489): CodeIgniter\CodeIgniter->startController()
 6 SYSTEMPATH\CodeIgniter.php(361): CodeIgniter\CodeIgniter->handleRequest(null, Object(Config\Cache), false)
 7 FCPATH\index.php(79): CodeIgniter\CodeIgniter->run()
CRITICAL - 2024-03-06 10:32:46 --> ParseError: syntax error, unexpected integer "16"
in APPPATH\Controllers\Admin.php on line 14.
 1 SYSTEMPATH\Autoloader\Autoloader.php(290): CodeIgniter\Autoloader\Autoloader->includeFile('C:\\xampp\\htdocs\\sirah\\app\\Controllers\\Admin.php')
 2 SYSTEMPATH\Autoloader\Autoloader.php(266): CodeIgniter\Autoloader\Autoloader->loadInNamespace('App\\Controllers\\Admin')
 3 [internal function]: CodeIgniter\Autoloader\Autoloader->loadClass('App\\Controllers\\Admin')
 4 SYSTEMPATH\CodeIgniter.php(899): class_exists('\\App\\Controllers\\Admin', true)
 5 SYSTEMPATH\CodeIgniter.php(489): CodeIgniter\CodeIgniter->startController()
 6 SYSTEMPATH\CodeIgniter.php(361): CodeIgniter\CodeIgniter->handleRequest(null, Object(Config\Cache), false)
 7 FCPATH\index.php(79): CodeIgniter\CodeIgniter->run()
CRITICAL - 2024-03-06 10:35:42 --> Error: Call to a member function humanize() on string
in APPPATH\Controllers\Admin.php on line 17.
 1 SYSTEMPATH\CodeIgniter.php(941): App\Controllers\Admin->home()
 2 SYSTEMPATH\CodeIgniter.php(502): CodeIgniter\CodeIgniter->runController(Object(App\Controllers\Admin))
 3 SYSTEMPATH\CodeIgniter.php(361): CodeIgniter\CodeIgniter->handleRequest(null, Object(Config\Cache), false)
 4 FCPATH\index.php(79): CodeIgniter\CodeIgniter->run()
CRITICAL - 2024-03-06 10:35:44 --> Error: Call to a member function humanize() on string
in APPPATH\Controllers\Admin.php on line 17.
 1 SYSTEMPATH\CodeIgniter.php(941): App\Controllers\Admin->home()
 2 SYSTEMPATH\CodeIgniter.php(502): CodeIgniter\CodeIgniter->runController(Object(App\Controllers\Admin))
 3 SYSTEMPATH\CodeIgniter.php(361): CodeIgniter\CodeIgniter->handleRequest(null, Object(Config\Cache), false)
 4 FCPATH\index.php(79): CodeIgniter\CodeIgniter->run()
CRITICAL - 2024-03-06 10:39:57 --> ParseError: syntax error, unexpected variable "$time", expecting "," or ";"
in APPPATH\Controllers\Admin.php on line 15.
 1 SYSTEMPATH\Autoloader\Autoloader.php(290): CodeIgniter\Autoloader\Autoloader->includeFile('C:\\xampp\\htdocs\\sirah\\app\\Controllers\\Admin.php')
 2 SYSTEMPATH\Autoloader\Autoloader.php(266): CodeIgniter\Autoloader\Autoloader->loadInNamespace('App\\Controllers\\Admin')
 3 [internal function]: CodeIgniter\Autoloader\Autoloader->loadClass('App\\Controllers\\Admin')
 4 SYSTEMPATH\CodeIgniter.php(899): class_exists('\\App\\Controllers\\Admin', true)
 5 SYSTEMPATH\CodeIgniter.php(489): CodeIgniter\CodeIgniter->startController()
 6 SYSTEMPATH\CodeIgniter.php(361): CodeIgniter\CodeIgniter->handleRequest(null, Object(Config\Cache), false)
 7 FCPATH\index.php(79): CodeIgniter\CodeIgniter->run()
CRITICAL - 2024-03-06 10:42:27 --> ErrorException: DateTime::modify(): Failed to parse time string (2024-03-) at position 7 (-): Unexpected character
in SYSTEMPATH\I18n\TimeTrait.php on line 97.
 1 [internal function]: CodeIgniter\Debug\Exceptions->errorHandler(2, 'DateTime::modify(): Failed to parse time string (2024-03-) at position 7 (-): Unexpected character', 'C:\\xampp\\htdocs\\sirah\\system\\I18n\\TimeTrait.php', 97)
 2 SYSTEMPATH\I18n\TimeTrait.php(97): DateTime->modify('2024-03-')
 3 SYSTEMPATH\I18n\TimeTrait.php(132): CodeIgniter\I18n\Time->__construct('2024-03-', 'America/Chicago', null)
 4 APPPATH\Controllers\Admin.php(16): CodeIgniter\I18n\Time::parse('2024-03-', 'America/Chicago')
 5 SYSTEMPATH\CodeIgniter.php(941): App\Controllers\Admin->home()
 6 SYSTEMPATH\CodeIgniter.php(502): CodeIgniter\CodeIgniter->runController(Object(App\Controllers\Admin))
 7 SYSTEMPATH\CodeIgniter.php(361): CodeIgniter\CodeIgniter->handleRequest(null, Object(Config\Cache), false)
 8 FCPATH\index.php(79): CodeIgniter\CodeIgniter->run()
CRITICAL - 2024-03-06 10:45:12 --> Exception: DateTimeImmutable::__construct(): Failed to parse time string (March 6, 2024 :00:00) at position 14 (:): Unexpected character
in SYSTEMPATH\I18n\TimeTrait.php on line 101.
 1 SYSTEMPATH\I18n\TimeTrait.php(101): DateTimeImmutable->__construct('March 6, 2024 :00:00', Object(DateTimeZone))
 2 SYSTEMPATH\I18n\TimeTrait.php(132): CodeIgniter\I18n\Time->__construct('March 6, 2024 :00:00', 'Asia/Dhaka', null)
 3 APPPATH\Controllers\Admin.php(15): CodeIgniter\I18n\Time::parse('March 6, 2024 :00:00', 'Asia/Dhaka')
 4 SYSTEMPATH\CodeIgniter.php(941): App\Controllers\Admin->home()
 5 SYSTEMPATH\CodeIgniter.php(502): CodeIgniter\CodeIgniter->runController(Object(App\Controllers\Admin))
 6 SYSTEMPATH\CodeIgniter.php(361): CodeIgniter\CodeIgniter->handleRequest(null, Object(Config\Cache), false)
 7 FCPATH\index.php(79): CodeIgniter\CodeIgniter->run()
CRITICAL - 2024-03-06 10:47:00 --> ErrorException: Undefined variable $mytime
in APPPATH\Controllers\Admin.php on line 14.
 1 APPPATH\Controllers\Admin.php(14): CodeIgniter\Debug\Exceptions->errorHandler(2, 'Undefined variable $mytime', 'C:\\xampp\\htdocs\\sirah\\app\\Controllers\\Admin.php', 14)
 2 SYSTEMPATH\CodeIgniter.php(941): App\Controllers\Admin->home()
 3 SYSTEMPATH\CodeIgniter.php(502): CodeIgniter\CodeIgniter->runController(Object(App\Controllers\Admin))
 4 SYSTEMPATH\CodeIgniter.php(361): CodeIgniter\CodeIgniter->handleRequest(null, Object(Config\Cache), false)
 5 FCPATH\index.php(79): CodeIgniter\CodeIgniter->run()
CRITICAL - 2024-03-06 10:53:34 --> ParseError: syntax error, unexpected token "echo"
in APPPATH\Controllers\Admin.php on line 15.
 1 SYSTEMPATH\Autoloader\Autoloader.php(290): CodeIgniter\Autoloader\Autoloader->includeFile('C:\\xampp\\htdocs\\sirah\\app\\Controllers\\Admin.php')
 2 SYSTEMPATH\Autoloader\Autoloader.php(266): CodeIgniter\Autoloader\Autoloader->loadInNamespace('App\\Controllers\\Admin')
 3 [internal function]: CodeIgniter\Autoloader\Autoloader->loadClass('App\\Controllers\\Admin')
 4 SYSTEMPATH\CodeIgniter.php(899): class_exists('\\App\\Controllers\\Admin', true)
 5 SYSTEMPATH\CodeIgniter.php(489): CodeIgniter\CodeIgniter->startController()
 6 SYSTEMPATH\CodeIgniter.php(361): CodeIgniter\CodeIgniter->handleRequest(null, Object(Config\Cache), false)
 7 FCPATH\index.php(79): CodeIgniter\CodeIgniter->run()
CRITICAL - 2024-03-06 10:54:27 --> ParseError: syntax error, unexpected token ")"
in APPPATH\Controllers\Admin.php on line 21.
 1 SYSTEMPATH\Autoloader\Autoloader.php(290): CodeIgniter\Autoloader\Autoloader->includeFile('C:\\xampp\\htdocs\\sirah\\app\\Controllers\\Admin.php')
 2 SYSTEMPATH\Autoloader\Autoloader.php(266): CodeIgniter\Autoloader\Autoloader->loadInNamespace('App\\Controllers\\Admin')
 3 [internal function]: CodeIgniter\Autoloader\Autoloader->loadClass('App\\Controllers\\Admin')
 4 SYSTEMPATH\CodeIgniter.php(899): class_exists('\\App\\Controllers\\Admin', true)
 5 SYSTEMPATH\CodeIgniter.php(489): CodeIgniter\CodeIgniter->startController()
 6 SYSTEMPATH\CodeIgniter.php(361): CodeIgniter\CodeIgniter->handleRequest(null, Object(Config\Cache), false)
 7 FCPATH\index.php(79): CodeIgniter\CodeIgniter->run()
CRITICAL - 2024-03-06 11:29:43 --> ParseError: syntax error, unexpected token ";"
in APPPATH\Controllers\Admin.php on line 24.
 1 SYSTEMPATH\Autoloader\Autoloader.php(290): CodeIgniter\Autoloader\Autoloader->includeFile('C:\\xampp\\htdocs\\sirah\\app\\Controllers\\Admin.php')
 2 SYSTEMPATH\Autoloader\Autoloader.php(266): CodeIgniter\Autoloader\Autoloader->loadInNamespace('App\\Controllers\\Admin')
 3 [internal function]: CodeIgniter\Autoloader\Autoloader->loadClass('App\\Controllers\\Admin')
 4 SYSTEMPATH\CodeIgniter.php(899): class_exists('\\App\\Controllers\\Admin', true)
 5 SYSTEMPATH\CodeIgniter.php(489): CodeIgniter\CodeIgniter->startController()
 6 SYSTEMPATH\CodeIgniter.php(361): CodeIgniter\CodeIgniter->handleRequest(null, Object(Config\Cache), false)
 7 FCPATH\index.php(79): CodeIgniter\CodeIgniter->run()
CRITICAL - 2024-03-06 11:48:36 --> ParseError: syntax error, unexpected token "if"
in APPPATH\Controllers\Admin.php on line 24.
 1 SYSTEMPATH\Autoloader\Autoloader.php(290): CodeIgniter\Autoloader\Autoloader->includeFile('C:\\xampp\\htdocs\\sirah\\app\\Controllers\\Admin.php')
 2 SYSTEMPATH\Autoloader\Autoloader.php(266): CodeIgniter\Autoloader\Autoloader->loadInNamespace('App\\Controllers\\Admin')
 3 [internal function]: CodeIgniter\Autoloader\Autoloader->loadClass('App\\Controllers\\Admin')
 4 SYSTEMPATH\CodeIgniter.php(899): class_exists('\\App\\Controllers\\Admin', true)
 5 SYSTEMPATH\CodeIgniter.php(489): CodeIgniter\CodeIgniter->startController()
 6 SYSTEMPATH\CodeIgniter.php(361): CodeIgniter\CodeIgniter->handleRequest(null, Object(Config\Cache), false)
 7 FCPATH\index.php(79): CodeIgniter\CodeIgniter->run()
CRITICAL - 2024-03-06 11:55:44 --> ErrorException: Attempt to read property "wsk" on array
in APPPATH\Views\admin\post.php on line 29.
 1 APPPATH\Views\admin\post.php(29): CodeIgniter\Debug\Exceptions->errorHandler(2, 'Attempt to read property "wsk" on array', 'C:\\xampp\\htdocs\\sirah\\app\\Views\\admin\\post.php', 29)
 2 SYSTEMPATH\View\View.php(228): include('C:\\xampp\\htdocs\\sirah\\app\\Views\\admin\\post.php')
 3 SYSTEMPATH\View\View.php(231): CodeIgniter\View\View->CodeIgniter\View\{closure}()
 4 SYSTEMPATH\Common.php(1178): CodeIgniter\View\View->render('admin/post', [], true)
 5 APPPATH\Controllers\Admin.php(37): view('admin/post', [...])
 6 SYSTEMPATH\CodeIgniter.php(941): App\Controllers\Admin->addPost()
 7 SYSTEMPATH\CodeIgniter.php(502): CodeIgniter\CodeIgniter->runController(Object(App\Controllers\Admin))
 8 SYSTEMPATH\CodeIgniter.php(361): CodeIgniter\CodeIgniter->handleRequest(null, Object(Config\Cache), false)
 9 FCPATH\index.php(79): CodeIgniter\CodeIgniter->run()
CRITICAL - 2024-03-06 11:56:43 --> ErrorException: Attempt to read property "name" on array
in APPPATH\Views\admin\post.php on line 29.
 1 APPPATH\Views\admin\post.php(29): CodeIgniter\Debug\Exceptions->errorHandler(2, 'Attempt to read property "name" on array', 'C:\\xampp\\htdocs\\sirah\\app\\Views\\admin\\post.php', 29)
 2 SYSTEMPATH\View\View.php(228): include('C:\\xampp\\htdocs\\sirah\\app\\Views\\admin\\post.php')
 3 SYSTEMPATH\View\View.php(231): CodeIgniter\View\View->CodeIgniter\View\{closure}()
 4 SYSTEMPATH\Common.php(1178): CodeIgniter\View\View->render('admin/post', [], true)
 5 APPPATH\Controllers\Admin.php(37): view('admin/post', [...])
 6 SYSTEMPATH\CodeIgniter.php(941): App\Controllers\Admin->addPost()
 7 SYSTEMPATH\CodeIgniter.php(502): CodeIgniter\CodeIgniter->runController(Object(App\Controllers\Admin))
 8 SYSTEMPATH\CodeIgniter.php(361): CodeIgniter\CodeIgniter->handleRequest(null, Object(Config\Cache), false)
 9 FCPATH\index.php(79): CodeIgniter\CodeIgniter->run()
CRITICAL - 2024-03-06 12:00:37 --> ParseError: syntax error, unexpected token "}", expecting variable or "{" or "$"
in APPPATH\Controllers\Admin.php on line 37.
 1 SYSTEMPATH\Autoloader\Autoloader.php(290): CodeIgniter\Autoloader\Autoloader->includeFile('C:\\xampp\\htdocs\\sirah\\app\\Controllers\\Admin.php')
 2 SYSTEMPATH\Autoloader\Autoloader.php(266): CodeIgniter\Autoloader\Autoloader->loadInNamespace('App\\Controllers\\Admin')
 3 [internal function]: CodeIgniter\Autoloader\Autoloader->loadClass('App\\Controllers\\Admin')
 4 SYSTEMPATH\CodeIgniter.php(899): class_exists('\\App\\Controllers\\Admin', true)
 5 SYSTEMPATH\CodeIgniter.php(489): CodeIgniter\CodeIgniter->startController()
 6 SYSTEMPATH\CodeIgniter.php(361): CodeIgniter\CodeIgniter->handleRequest(null, Object(Config\Cache), false)
 7 FCPATH\index.php(79): CodeIgniter\CodeIgniter->run()
CRITICAL - 2024-03-06 12:07:28 --> Error: Undefined constant "base_"
in APPPATH\Views\admin\post.php on line 19.
 1 SYSTEMPATH\View\View.php(228): include()
 2 SYSTEMPATH\View\View.php(231): CodeIgniter\View\View->CodeIgniter\View\{closure}()
 3 SYSTEMPATH\Common.php(1178): CodeIgniter\View\View->render('admin/post', [], true)
 4 APPPATH\Controllers\Admin.php(49): view('admin/post', [...])
 5 SYSTEMPATH\CodeIgniter.php(941): App\Controllers\Admin->addPost()
 6 SYSTEMPATH\CodeIgniter.php(502): CodeIgniter\CodeIgniter->runController(Object(App\Controllers\Admin))
 7 SYSTEMPATH\CodeIgniter.php(361): CodeIgniter\CodeIgniter->handleRequest(null, Object(Config\Cache), false)
 8 FCPATH\index.php(79): CodeIgniter\CodeIgniter->run()
ERROR - 2024-03-06 18:10:05 --> mysqli_sql_exception: Column 'w_sk' cannot be null in C:\xampp\htdocs\sirah\system\Database\MySQLi\Connection.php:306
Stack trace:
#0 C:\xampp\htdocs\sirah\system\Database\MySQLi\Connection.php(306): mysqli->query('INSERT INTO `po...', 0)
#1 C:\xampp\htdocs\sirah\system\Database\BaseConnection.php(693): CodeIgniter\Database\MySQLi\Connection->execute('INSERT INTO `po...')
#2 C:\xampp\htdocs\sirah\system\Database\BaseConnection.php(607): CodeIgniter\Database\BaseConnection->simpleQuery('INSERT INTO `po...')
#3 C:\xampp\htdocs\sirah\system\Database\BaseBuilder.php(2307): CodeIgniter\Database\BaseConnection->query('INSERT INTO `po...', Array, false)
#4 C:\xampp\htdocs\sirah\system\Model.php(326): CodeIgniter\Database\BaseBuilder->insert()
#5 C:\xampp\htdocs\sirah\system\BaseModel.php(802): CodeIgniter\Model->doInsert(Array)
#6 C:\xampp\htdocs\sirah\system\Model.php(744): CodeIgniter\BaseModel->insert(Array, true)
#7 C:\xampp\htdocs\sirah\app\Controllers\Admin.php(43): CodeIgniter\Model->insert(Array)
#8 C:\xampp\htdocs\sirah\system\CodeIgniter.php(941): App\Controllers\Admin->addPost()
#9 C:\xampp\htdocs\sirah\system\CodeIgniter.php(502): CodeIgniter\CodeIgniter->runController(Object(App\Controllers\Admin))
#10 C:\xampp\htdocs\sirah\system\CodeIgniter.php(361): CodeIgniter\CodeIgniter->handleRequest(NULL, Object(Config\Cache), false)
#11 C:\xampp\htdocs\sirah\index.php(79): CodeIgniter\CodeIgniter->run()
#12 {main}
CRITICAL - 2024-03-06 18:10:05 --> CodeIgniter\Database\Exceptions\DatabaseException: Column 'w_sk' cannot be null
in SYSTEMPATH\Database\BaseConnection.php on line 647.
 1 SYSTEMPATH\Database\BaseBuilder.php(2307): CodeIgniter\Database\BaseConnection->query('INSERT INTO `post` (`title`, `w_sk`, `des`, `created_at`) VALUES (:title:, :w_sk:, :des:, :created_at:)', [...], false)
 2 SYSTEMPATH\Model.php(326): CodeIgniter\Database\BaseBuilder->insert()
 3 SYSTEMPATH\BaseModel.php(802): CodeIgniter\Model->doInsert([...])
 4 SYSTEMPATH\Model.php(744): CodeIgniter\BaseModel->insert([...], true)
 5 APPPATH\Controllers\Admin.php(43): CodeIgniter\Model->insert([...])
 6 SYSTEMPATH\CodeIgniter.php(941): App\Controllers\Admin->addPost()
 7 SYSTEMPATH\CodeIgniter.php(502): CodeIgniter\CodeIgniter->runController(Object(App\Controllers\Admin))
 8 SYSTEMPATH\CodeIgniter.php(361): CodeIgniter\CodeIgniter->handleRequest(null, Object(Config\Cache), false)
 9 FCPATH\index.php(79): CodeIgniter\CodeIgniter->run()
CRITICAL - 2024-03-06 18:10:05 --> [Caused by] CodeIgniter\Database\Exceptions\DatabaseException: Column 'w_sk' cannot be null
in SYSTEMPATH\Database\MySQLi\Connection.php on line 311.
 1 SYSTEMPATH\Database\BaseConnection.php(693): CodeIgniter\Database\MySQLi\Connection->execute('INSERT INTO `post` (`title`, `w_sk`, `des`, `created_at`) VALUES (\'New bakar title\', NULL, \'There is no god but Allah.\', \'March 06, 2024 18:10:05\')')
 2 SYSTEMPATH\Database\BaseConnection.php(607): CodeIgniter\Database\BaseConnection->simpleQuery('INSERT INTO `post` (`title`, `w_sk`, `des`, `created_at`) VALUES (\'New bakar title\', NULL, \'There is no god but Allah.\', \'March 06, 2024 18:10:05\')')
 3 SYSTEMPATH\Database\BaseBuilder.php(2307): CodeIgniter\Database\BaseConnection->query('INSERT INTO `post` (`title`, `w_sk`, `des`, `created_at`) VALUES (:title:, :w_sk:, :des:, :created_at:)', [...], false)
 4 SYSTEMPATH\Model.php(326): CodeIgniter\Database\BaseBuilder->insert()
 5 SYSTEMPATH\BaseModel.php(802): CodeIgniter\Model->doInsert([...])
 6 SYSTEMPATH\Model.php(744): CodeIgniter\BaseModel->insert([...], true)
 7 APPPATH\Controllers\Admin.php(43): CodeIgniter\Model->insert([...])
 8 SYSTEMPATH\CodeIgniter.php(941): App\Controllers\Admin->addPost()
 9 SYSTEMPATH\CodeIgniter.php(502): CodeIgniter\CodeIgniter->runController(Object(App\Controllers\Admin))
10 SYSTEMPATH\CodeIgniter.php(361): CodeIgniter\CodeIgniter->handleRequest(null, Object(Config\Cache), false)
11 FCPATH\index.php(79): CodeIgniter\CodeIgniter->run()
CRITICAL - 2024-03-06 18:10:05 --> [Caused by] mysqli_sql_exception: Column 'w_sk' cannot be null
in SYSTEMPATH\Database\MySQLi\Connection.php on line 306.
 1 SYSTEMPATH\Database\MySQLi\Connection.php(306): mysqli->query('INSERT INTO `post` (`title`, `w_sk`, `des`, `created_at`) VALUES (\'New bakar title\', NULL, \'There is no god but Allah.\', \'March 06, 2024 18:10:05\')', 0)
 2 SYSTEMPATH\Database\BaseConnection.php(693): CodeIgniter\Database\MySQLi\Connection->execute('INSERT INTO `post` (`title`, `w_sk`, `des`, `created_at`) VALUES (\'New bakar title\', NULL, \'There is no god but Allah.\', \'March 06, 2024 18:10:05\')')
 3 SYSTEMPATH\Database\BaseConnection.php(607): CodeIgniter\Database\BaseConnection->simpleQuery('INSERT INTO `post` (`title`, `w_sk`, `des`, `created_at`) VALUES (\'New bakar title\', NULL, \'There is no god but Allah.\', \'March 06, 2024 18:10:05\')')
 4 SYSTEMPATH\Database\BaseBuilder.php(2307): CodeIgniter\Database\BaseConnection->query('INSERT INTO `post` (`title`, `w_sk`, `des`, `created_at`) VALUES (:title:, :w_sk:, :des:, :created_at:)', [...], false)
 5 SYSTEMPATH\Model.php(326): CodeIgniter\Database\BaseBuilder->insert()
 6 SYSTEMPATH\BaseModel.php(802): CodeIgniter\Model->doInsert([...])
 7 SYSTEMPATH\Model.php(744): CodeIgniter\BaseModel->insert([...], true)
 8 APPPATH\Controllers\Admin.php(43): CodeIgniter\Model->insert([...])
 9 SYSTEMPATH\CodeIgniter.php(941): App\Controllers\Admin->addPost()
10 SYSTEMPATH\CodeIgniter.php(502): CodeIgniter\CodeIgniter->runController(Object(App\Controllers\Admin))
11 SYSTEMPATH\CodeIgniter.php(361): CodeIgniter\CodeIgniter->handleRequest(null, Object(Config\Cache), false)
12 FCPATH\index.php(79): CodeIgniter\CodeIgniter->run()
CRITICAL - 2024-03-06 13:34:50 --> ParseError: syntax error, unexpected token "}", expecting ";"
in APPPATH\Controllers\Admin.php on line 48.
 1 SYSTEMPATH\Autoloader\Autoloader.php(290): CodeIgniter\Autoloader\Autoloader->includeFile('C:\\xampp\\htdocs\\sirah\\app\\Controllers\\Admin.php')
 2 SYSTEMPATH\Autoloader\Autoloader.php(266): CodeIgniter\Autoloader\Autoloader->loadInNamespace('App\\Controllers\\Admin')
 3 [internal function]: CodeIgniter\Autoloader\Autoloader->loadClass('App\\Controllers\\Admin')
 4 SYSTEMPATH\CodeIgniter.php(899): class_exists('\\App\\Controllers\\Admin', true)
 5 SYSTEMPATH\CodeIgniter.php(489): CodeIgniter\CodeIgniter->startController()
 6 SYSTEMPATH\CodeIgniter.php(361): CodeIgniter\CodeIgniter->handleRequest(null, Object(Config\Cache), false)
 7 FCPATH\index.php(79): CodeIgniter\CodeIgniter->run()
CRITICAL - 2024-03-06 13:44:43 --> ParseError: syntax error, unexpected token "class", expecting "," or ";"
in APPPATH\Controllers\Home.php on line 5.
 1 SYSTEMPATH\Autoloader\Autoloader.php(290): CodeIgniter\Autoloader\Autoloader->includeFile('C:\\xampp\\htdocs\\sirah\\app\\Controllers\\Home.php')
 2 SYSTEMPATH\Autoloader\Autoloader.php(266): CodeIgniter\Autoloader\Autoloader->loadInNamespace('App\\Controllers\\Home')
 3 [internal function]: CodeIgniter\Autoloader\Autoloader->loadClass('App\\Controllers\\Home')
 4 SYSTEMPATH\CodeIgniter.php(899): class_exists('\\App\\Controllers\\Home', true)
 5 SYSTEMPATH\CodeIgniter.php(489): CodeIgniter\CodeIgniter->startController()
 6 SYSTEMPATH\CodeIgniter.php(361): CodeIgniter\CodeIgniter->handleRequest(null, Object(Config\Cache), false)
 7 FCPATH\index.php(79): CodeIgniter\CodeIgniter->run()
CRITICAL - 2024-03-06 13:58:47 --> Error: Call to a member function humanize() on string
in APPPATH\Views\discussion.php on line 47.
 1 SYSTEMPATH\View\View.php(228): include()
 2 SYSTEMPATH\View\View.php(231): CodeIgniter\View\View->CodeIgniter\View\{closure}()
 3 SYSTEMPATH\Common.php(1178): CodeIgniter\View\View->render('discussion', [], true)
 4 APPPATH\Controllers\Home.php(18): view('discussion', [...])
 5 SYSTEMPATH\CodeIgniter.php(941): App\Controllers\Home->discussion()
 6 SYSTEMPATH\CodeIgniter.php(502): CodeIgniter\CodeIgniter->runController(Object(App\Controllers\Home))
 7 SYSTEMPATH\CodeIgniter.php(361): CodeIgniter\CodeIgniter->handleRequest(null, Object(Config\Cache), false)
 8 FCPATH\index.php(79): CodeIgniter\CodeIgniter->run()
CRITICAL - 2024-03-06 14:02:04 --> ParseError: syntax error, unexpected token "use"
in APPPATH\Views\discussion.php on line 46.
 1 SYSTEMPATH\View\View.php(231): CodeIgniter\View\View->CodeIgniter\View\{closure}()
 2 SYSTEMPATH\Common.php(1178): CodeIgniter\View\View->render('discussion', [], true)
 3 APPPATH\Controllers\Home.php(18): view('discussion', [...])
 4 SYSTEMPATH\CodeIgniter.php(941): App\Controllers\Home->discussion()
 5 SYSTEMPATH\CodeIgniter.php(502): CodeIgniter\CodeIgniter->runController(Object(App\Controllers\Home))
 6 SYSTEMPATH\CodeIgniter.php(361): CodeIgniter\CodeIgniter->handleRequest(null, Object(Config\Cache), false)
 7 FCPATH\index.php(79): CodeIgniter\CodeIgniter->run()
CRITICAL - 2024-03-06 14:19:55 --> ErrorException: Attempt to read property "joi" on array
in APPPATH\Controllers\Home.php on line 16.
 1 APPPATH\Controllers\Home.php(16): CodeIgniter\Debug\Exceptions->errorHandler(2, 'Attempt to read property "joi" on array', 'C:\\xampp\\htdocs\\sirah\\app\\Controllers\\Home.php', 16)
 2 SYSTEMPATH\CodeIgniter.php(941): App\Controllers\Home->discussion()
 3 SYSTEMPATH\CodeIgniter.php(502): CodeIgniter\CodeIgniter->runController(Object(App\Controllers\Home))
 4 SYSTEMPATH\CodeIgniter.php(361): CodeIgniter\CodeIgniter->handleRequest(null, Object(Config\Cache), false)
 5 FCPATH\index.php(79): CodeIgniter\CodeIgniter->run()
CRITICAL - 2024-03-06 14:24:10 --> ParseError: syntax error, unexpected token "return"
in APPPATH\Controllers\Home.php on line 18.
 1 SYSTEMPATH\Autoloader\Autoloader.php(290): CodeIgniter\Autoloader\Autoloader->includeFile('C:\\xampp\\htdocs\\sirah\\app\\Controllers\\Home.php')
 2 SYSTEMPATH\Autoloader\Autoloader.php(266): CodeIgniter\Autoloader\Autoloader->loadInNamespace('App\\Controllers\\Home')
 3 [internal function]: CodeIgniter\Autoloader\Autoloader->loadClass('App\\Controllers\\Home')
 4 SYSTEMPATH\CodeIgniter.php(899): class_exists('\\App\\Controllers\\Home', true)
 5 SYSTEMPATH\CodeIgniter.php(489): CodeIgniter\CodeIgniter->startController()
 6 SYSTEMPATH\CodeIgniter.php(361): CodeIgniter\CodeIgniter->handleRequest(null, Object(Config\Cache), false)
 7 FCPATH\index.php(79): CodeIgniter\CodeIgniter->run()
CRITICAL - 2024-03-06 14:24:53 --> ParseError: syntax error, unexpected identifier "print_r", expecting "," or ";"
in APPPATH\Controllers\Home.php on line 18.
 1 SYSTEMPATH\Autoloader\Autoloader.php(290): CodeIgniter\Autoloader\Autoloader->includeFile('C:\\xampp\\htdocs\\sirah\\app\\Controllers\\Home.php')
 2 SYSTEMPATH\Autoloader\Autoloader.php(266): CodeIgniter\Autoloader\Autoloader->loadInNamespace('App\\Controllers\\Home')
 3 [internal function]: CodeIgniter\Autoloader\Autoloader->loadClass('App\\Controllers\\Home')
 4 SYSTEMPATH\CodeIgniter.php(899): class_exists('\\App\\Controllers\\Home', true)
 5 SYSTEMPATH\CodeIgniter.php(489): CodeIgniter\CodeIgniter->startController()
 6 SYSTEMPATH\CodeIgniter.php(361): CodeIgniter\CodeIgniter->handleRequest(null, Object(Config\Cache), false)
 7 FCPATH\index.php(79): CodeIgniter\CodeIgniter->run()
CRITICAL - 2024-03-06 14:26:28 --> ParseError: syntax error, unexpected token ";"
in APPPATH\Views\discussion.php on line 42.
 1 SYSTEMPATH\View\View.php(231): CodeIgniter\View\View->CodeIgniter\View\{closure}()
 2 SYSTEMPATH\Common.php(1178): CodeIgniter\View\View->render('discussion', [], true)
 3 APPPATH\Controllers\Home.php(19): view('discussion', [...])
 4 SYSTEMPATH\CodeIgniter.php(941): App\Controllers\Home->discussion()
 5 SYSTEMPATH\CodeIgniter.php(502): CodeIgniter\CodeIgniter->runController(Object(App\Controllers\Home))
 6 SYSTEMPATH\CodeIgniter.php(361): CodeIgniter\CodeIgniter->handleRequest(null, Object(Config\Cache), false)
 7 FCPATH\index.php(79): CodeIgniter\CodeIgniter->run()
CRITICAL - 2024-03-06 14:26:49 --> ErrorException: Undefined array key "writer.name"
in APPPATH\Views\discussion.php on line 42.
 1 APPPATH\Views\discussion.php(42): CodeIgniter\Debug\Exceptions->errorHandler(2, 'Undefined array key "writer.name"', 'C:\\xampp\\htdocs\\sirah\\app\\Views\\discussion.php', 42)
 2 SYSTEMPATH\View\View.php(228): include('C:\\xampp\\htdocs\\sirah\\app\\Views\\discussion.php')
 3 SYSTEMPATH\View\View.php(231): CodeIgniter\View\View->CodeIgniter\View\{closure}()
 4 SYSTEMPATH\Common.php(1178): CodeIgniter\View\View->render('discussion', [], true)
 5 APPPATH\Controllers\Home.php(19): view('discussion', [...])
 6 SYSTEMPATH\CodeIgniter.php(941): App\Controllers\Home->discussion()
 7 SYSTEMPATH\CodeIgniter.php(502): CodeIgniter\CodeIgniter->runController(Object(App\Controllers\Home))
 8 SYSTEMPATH\CodeIgniter.php(361): CodeIgniter\CodeIgniter->handleRequest(null, Object(Config\Cache), false)
 9 FCPATH\index.php(79): CodeIgniter\CodeIgniter->run()
CRITICAL - 2024-03-06 14:26:50 --> ErrorException: Undefined array key "writer.name"
in APPPATH\Views\discussion.php on line 42.
 1 APPPATH\Views\discussion.php(42): CodeIgniter\Debug\Exceptions->errorHandler(2, 'Undefined array key "writer.name"', 'C:\\xampp\\htdocs\\sirah\\app\\Views\\discussion.php', 42)
 2 SYSTEMPATH\View\View.php(228): include('C:\\xampp\\htdocs\\sirah\\app\\Views\\discussion.php')
 3 SYSTEMPATH\View\View.php(231): CodeIgniter\View\View->CodeIgniter\View\{closure}()
 4 SYSTEMPATH\Common.php(1178): CodeIgniter\View\View->render('discussion', [], true)
 5 APPPATH\Controllers\Home.php(19): view('discussion', [...])
 6 SYSTEMPATH\CodeIgniter.php(941): App\Controllers\Home->discussion()
 7 SYSTEMPATH\CodeIgniter.php(502): CodeIgniter\CodeIgniter->runController(Object(App\Controllers\Home))
 8 SYSTEMPATH\CodeIgniter.php(361): CodeIgniter\CodeIgniter->handleRequest(null, Object(Config\Cache), false)
 9 FCPATH\index.php(79): CodeIgniter\CodeIgniter->run()
CRITICAL - 2024-03-06 14:26:50 --> ErrorException: Undefined array key "writer.name"
in APPPATH\Views\discussion.php on line 42.
 1 APPPATH\Views\discussion.php(42): CodeIgniter\Debug\Exceptions->errorHandler(2, 'Undefined array key "writer.name"', 'C:\\xampp\\htdocs\\sirah\\app\\Views\\discussion.php', 42)
 2 SYSTEMPATH\View\View.php(228): include('C:\\xampp\\htdocs\\sirah\\app\\Views\\discussion.php')
 3 SYSTEMPATH\View\View.php(231): CodeIgniter\View\View->CodeIgniter\View\{closure}()
 4 SYSTEMPATH\Common.php(1178): CodeIgniter\View\View->render('discussion', [], true)
 5 APPPATH\Controllers\Home.php(19): view('discussion', [...])
 6 SYSTEMPATH\CodeIgniter.php(941): App\Controllers\Home->discussion()
 7 SYSTEMPATH\CodeIgniter.php(502): CodeIgniter\CodeIgniter->runController(Object(App\Controllers\Home))
 8 SYSTEMPATH\CodeIgniter.php(361): CodeIgniter\CodeIgniter->handleRequest(null, Object(Config\Cache), false)
 9 FCPATH\index.php(79): CodeIgniter\CodeIgniter->run()
CRITICAL - 2024-03-06 15:01:48 --> ParseError: syntax error, unexpected token ";"
in APPPATH\Views\discussion.php on line 45.
 1 SYSTEMPATH\View\View.php(231): CodeIgniter\View\View->CodeIgniter\View\{closure}()
 2 SYSTEMPATH\Common.php(1178): CodeIgniter\View\View->render('discussion', [], true)
 3 APPPATH\Controllers\Home.php(18): view('discussion', [...])
 4 SYSTEMPATH\CodeIgniter.php(941): App\Controllers\Home->discussion()
 5 SYSTEMPATH\CodeIgniter.php(502): CodeIgniter\CodeIgniter->runController(Object(App\Controllers\Home))
 6 SYSTEMPATH\CodeIgniter.php(361): CodeIgniter\CodeIgniter->handleRequest(null, Object(Config\Cache), false)
 7 FCPATH\index.php(79): CodeIgniter\CodeIgniter->run()
CRITICAL - 2024-03-06 15:06:35 --> ParseError: syntax error, unexpected token ">"
in APPPATH\Views\discussion.php on line 46.
 1 SYSTEMPATH\View\View.php(231): CodeIgniter\View\View->CodeIgniter\View\{closure}()
 2 SYSTEMPATH\Common.php(1178): CodeIgniter\View\View->render('discussion', [], true)
 3 APPPATH\Controllers\Home.php(18): view('discussion', [...])
 4 SYSTEMPATH\CodeIgniter.php(941): App\Controllers\Home->discussion()
 5 SYSTEMPATH\CodeIgniter.php(502): CodeIgniter\CodeIgniter->runController(Object(App\Controllers\Home))
 6 SYSTEMPATH\CodeIgniter.php(361): CodeIgniter\CodeIgniter->handleRequest(null, Object(Config\Cache), false)
 7 FCPATH\index.php(79): CodeIgniter\CodeIgniter->run()
CRITICAL - 2024-03-06 15:12:21 --> ParseError: syntax error, unexpected token "return"
in APPPATH\Controllers\Home.php on line 19.
 1 SYSTEMPATH\Autoloader\Autoloader.php(290): CodeIgniter\Autoloader\Autoloader->includeFile('C:\\xampp\\htdocs\\sirah\\app\\Controllers\\Home.php')
 2 SYSTEMPATH\Autoloader\Autoloader.php(266): CodeIgniter\Autoloader\Autoloader->loadInNamespace('App\\Controllers\\Home')
 3 [internal function]: CodeIgniter\Autoloader\Autoloader->loadClass('App\\Controllers\\Home')
 4 SYSTEMPATH\CodeIgniter.php(899): class_exists('\\App\\Controllers\\Home', true)
 5 SYSTEMPATH\CodeIgniter.php(489): CodeIgniter\CodeIgniter->startController()
 6 SYSTEMPATH\CodeIgniter.php(361): CodeIgniter\CodeIgniter->handleRequest(null, Object(Config\Cache), false)
 7 FCPATH\index.php(79): CodeIgniter\CodeIgniter->run()
CRITICAL - 2024-03-06 15:14:50 --> ErrorException: Attempt to read property "order" on array
in APPPATH\Controllers\Home.php on line 18.
 1 APPPATH\Controllers\Home.php(18): CodeIgniter\Debug\Exceptions->errorHandler(2, 'Attempt to read property "order" on array', 'C:\\xampp\\htdocs\\sirah\\app\\Controllers\\Home.php', 18)
 2 SYSTEMPATH\CodeIgniter.php(941): App\Controllers\Home->discussion()
 3 SYSTEMPATH\CodeIgniter.php(502): CodeIgniter\CodeIgniter->runController(Object(App\Controllers\Home))
 4 SYSTEMPATH\CodeIgniter.php(361): CodeIgniter\CodeIgniter->handleRequest(null, Object(Config\Cache), false)
 5 FCPATH\index.php(79): CodeIgniter\CodeIgniter->run()
ERROR - 2024-03-06 15:19:57 --> mysqli_sql_exception: Column 'id' in order clause is ambiguous in C:\xampp\htdocs\sirah\system\Database\MySQLi\Connection.php:306
Stack trace:
#0 C:\xampp\htdocs\sirah\system\Database\MySQLi\Connection.php(306): mysqli->query('SELECT *\nFROM `...', 0)
#1 C:\xampp\htdocs\sirah\system\Database\BaseConnection.php(693): CodeIgniter\Database\MySQLi\Connection->execute('SELECT *\nFROM `...')
#2 C:\xampp\htdocs\sirah\system\Database\BaseConnection.php(607): CodeIgniter\Database\BaseConnection->simpleQuery('SELECT *\nFROM `...')
#3 C:\xampp\htdocs\sirah\system\Database\BaseBuilder.php(1616): CodeIgniter\Database\BaseConnection->query('SELECT *\nFROM `...', Array, false)
#4 C:\xampp\htdocs\sirah\system\Model.php(242): CodeIgniter\Database\BaseBuilder->get()
#5 C:\xampp\htdocs\sirah\system\BaseModel.php(638): CodeIgniter\Model->doFindAll(0, 0)
#6 C:\xampp\htdocs\sirah\app\Controllers\Home.php(18): CodeIgniter\BaseModel->findAll()
#7 C:\xampp\htdocs\sirah\system\CodeIgniter.php(941): App\Controllers\Home->discussion()
#8 C:\xampp\htdocs\sirah\system\CodeIgniter.php(502): CodeIgniter\CodeIgniter->runController(Object(App\Controllers\Home))
#9 C:\xampp\htdocs\sirah\system\CodeIgniter.php(361): CodeIgniter\CodeIgniter->handleRequest(NULL, Object(Config\Cache), false)
#10 C:\xampp\htdocs\sirah\index.php(79): CodeIgniter\CodeIgniter->run()
#11 {main}
CRITICAL - 2024-03-06 15:19:57 --> CodeIgniter\Database\Exceptions\DatabaseException: Column 'id' in order clause is ambiguous
in SYSTEMPATH\Database\BaseConnection.php on line 647.
 1 SYSTEMPATH\Database\BaseBuilder.php(1616): CodeIgniter\Database\BaseConnection->query('SELECT *
FROM `post`
JOIN `writer` ON `writer`.`wsk` = `post`.`w_sk`
ORDER BY `id` DESC', [], false)
 2 SYSTEMPATH\Model.php(242): CodeIgniter\Database\BaseBuilder->get()
 3 SYSTEMPATH\BaseModel.php(638): CodeIgniter\Model->doFindAll(0, 0)
 4 APPPATH\Controllers\Home.php(18): CodeIgniter\BaseModel->findAll()
 5 SYSTEMPATH\CodeIgniter.php(941): App\Controllers\Home->discussion()
 6 SYSTEMPATH\CodeIgniter.php(502): CodeIgniter\CodeIgniter->runController(Object(App\Controllers\Home))
 7 SYSTEMPATH\CodeIgniter.php(361): CodeIgniter\CodeIgniter->handleRequest(null, Object(Config\Cache), false)
 8 FCPATH\index.php(79): CodeIgniter\CodeIgniter->run()
CRITICAL - 2024-03-06 15:19:57 --> [Caused by] CodeIgniter\Database\Exceptions\DatabaseException: Column 'id' in order clause is ambiguous
in SYSTEMPATH\Database\MySQLi\Connection.php on line 311.
 1 SYSTEMPATH\Database\BaseConnection.php(693): CodeIgniter\Database\MySQLi\Connection->execute('SELECT *
FROM `post`
JOIN `writer` ON `writer`.`wsk` = `post`.`w_sk`
ORDER BY `id` DESC')
 2 SYSTEMPATH\Database\BaseConnection.php(607): CodeIgniter\Database\BaseConnection->simpleQuery('SELECT *
FROM `post`
JOIN `writer` ON `writer`.`wsk` = `post`.`w_sk`
ORDER BY `id` DESC')
 3 SYSTEMPATH\Database\BaseBuilder.php(1616): CodeIgniter\Database\BaseConnection->query('SELECT *
FROM `post`
JOIN `writer` ON `writer`.`wsk` = `post`.`w_sk`
ORDER BY `id` DESC', [], false)
 4 SYSTEMPATH\Model.php(242): CodeIgniter\Database\BaseBuilder->get()
 5 SYSTEMPATH\BaseModel.php(638): CodeIgniter\Model->doFindAll(0, 0)
 6 APPPATH\Controllers\Home.php(18): CodeIgniter\BaseModel->findAll()
 7 SYSTEMPATH\CodeIgniter.php(941): App\Controllers\Home->discussion()
 8 SYSTEMPATH\CodeIgniter.php(502): CodeIgniter\CodeIgniter->runController(Object(App\Controllers\Home))
 9 SYSTEMPATH\CodeIgniter.php(361): CodeIgniter\CodeIgniter->handleRequest(null, Object(Config\Cache), false)
10 FCPATH\index.php(79): CodeIgniter\CodeIgniter->run()
CRITICAL - 2024-03-06 15:19:57 --> [Caused by] mysqli_sql_exception: Column 'id' in order clause is ambiguous
in SYSTEMPATH\Database\MySQLi\Connection.php on line 306.
 1 SYSTEMPATH\Database\MySQLi\Connection.php(306): mysqli->query('SELECT *
FROM `post`
JOIN `writer` ON `writer`.`wsk` = `post`.`w_sk`
ORDER BY `id` DESC', 0)
 2 SYSTEMPATH\Database\BaseConnection.php(693): CodeIgniter\Database\MySQLi\Connection->execute('SELECT *
FROM `post`
JOIN `writer` ON `writer`.`wsk` = `post`.`w_sk`
ORDER BY `id` DESC')
 3 SYSTEMPATH\Database\BaseConnection.php(607): CodeIgniter\Database\BaseConnection->simpleQuery('SELECT *
FROM `post`
JOIN `writer` ON `writer`.`wsk` = `post`.`w_sk`
ORDER BY `id` DESC')
 4 SYSTEMPATH\Database\BaseBuilder.php(1616): CodeIgniter\Database\BaseConnection->query('SELECT *
FROM `post`
JOIN `writer` ON `writer`.`wsk` = `post`.`w_sk`
ORDER BY `id` DESC', [], false)
 5 SYSTEMPATH\Model.php(242): CodeIgniter\Database\BaseBuilder->get()
 6 SYSTEMPATH\BaseModel.php(638): CodeIgniter\Model->doFindAll(0, 0)
 7 APPPATH\Controllers\Home.php(18): CodeIgniter\BaseModel->findAll()
 8 SYSTEMPATH\CodeIgniter.php(941): App\Controllers\Home->discussion()
 9 SYSTEMPATH\CodeIgniter.php(502): CodeIgniter\CodeIgniter->runController(Object(App\Controllers\Home))
10 SYSTEMPATH\CodeIgniter.php(361): CodeIgniter\CodeIgniter->handleRequest(null, Object(Config\Cache), false)
11 FCPATH\index.php(79): CodeIgniter\CodeIgniter->run()
CRITICAL - 2024-03-06 15:21:43 --> ErrorException: Undefined variable $recent
in APPPATH\Views\discussion.php on line 72.
 1 APPPATH\Views\discussion.php(72): CodeIgniter\Debug\Exceptions->errorHandler(2, 'Undefined variable $recent', 'C:\\xampp\\htdocs\\sirah\\app\\Views\\discussion.php', 72)
 2 SYSTEMPATH\View\View.php(228): include('C:\\xampp\\htdocs\\sirah\\app\\Views\\discussion.php')
 3 SYSTEMPATH\View\View.php(231): CodeIgniter\View\View->CodeIgniter\View\{closure}()
 4 SYSTEMPATH\Common.php(1178): CodeIgniter\View\View->render('discussion', [...], true)
 5 APPPATH\Controllers\Home.php(20): view('discussion', [...], [...])
 6 SYSTEMPATH\CodeIgniter.php(941): App\Controllers\Home->discussion()
 7 SYSTEMPATH\CodeIgniter.php(502): CodeIgniter\CodeIgniter->runController(Object(App\Controllers\Home))
 8 SYSTEMPATH\CodeIgniter.php(361): CodeIgniter\CodeIgniter->handleRequest(null, Object(Config\Cache), false)
 9 FCPATH\index.php(79): CodeIgniter\CodeIgniter->run()
CRITICAL - 2024-03-06 15:22:38 --> ErrorException: Undefined variable $meta
in APPPATH\Views\discussion.php on line 72.
 1 APPPATH\Views\discussion.php(72): CodeIgniter\Debug\Exceptions->errorHandler(2, 'Undefined variable $meta', 'C:\\xampp\\htdocs\\sirah\\app\\Views\\discussion.php', 72)
 2 SYSTEMPATH\View\View.php(228): include('C:\\xampp\\htdocs\\sirah\\app\\Views\\discussion.php')
 3 SYSTEMPATH\View\View.php(231): CodeIgniter\View\View->CodeIgniter\View\{closure}()
 4 SYSTEMPATH\Common.php(1178): CodeIgniter\View\View->render('discussion', [...], true)
 5 APPPATH\Controllers\Home.php(20): view('discussion', [...], [...])
 6 SYSTEMPATH\CodeIgniter.php(941): App\Controllers\Home->discussion()
 7 SYSTEMPATH\CodeIgniter.php(502): CodeIgniter\CodeIgniter->runController(Object(App\Controllers\Home))
 8 SYSTEMPATH\CodeIgniter.php(361): CodeIgniter\CodeIgniter->handleRequest(null, Object(Config\Cache), false)
 9 FCPATH\index.php(79): CodeIgniter\CodeIgniter->run()
CRITICAL - 2024-03-06 15:24:57 --> ErrorException: Undefined variable $recent
in APPPATH\Controllers\Home.php on line 20.
 1 APPPATH\Controllers\Home.php(20): CodeIgniter\Debug\Exceptions->errorHandler(2, 'Undefined variable $recent', 'C:\\xampp\\htdocs\\sirah\\app\\Controllers\\Home.php', 20)
 2 SYSTEMPATH\CodeIgniter.php(941): App\Controllers\Home->discussion()
 3 SYSTEMPATH\CodeIgniter.php(502): CodeIgniter\CodeIgniter->runController(Object(App\Controllers\Home))
 4 SYSTEMPATH\CodeIgniter.php(361): CodeIgniter\CodeIgniter->handleRequest(null, Object(Config\Cache), false)
 5 FCPATH\index.php(79): CodeIgniter\CodeIgniter->run()
CRITICAL - 2024-03-06 15:25:20 --> ErrorException: Undefined variable $meta
in APPPATH\Views\discussion.php on line 72.
 1 APPPATH\Views\discussion.php(72): CodeIgniter\Debug\Exceptions->errorHandler(2, 'Undefined variable $meta', 'C:\\xampp\\htdocs\\sirah\\app\\Views\\discussion.php', 72)
 2 SYSTEMPATH\View\View.php(228): include('C:\\xampp\\htdocs\\sirah\\app\\Views\\discussion.php')
 3 SYSTEMPATH\View\View.php(231): CodeIgniter\View\View->CodeIgniter\View\{closure}()
 4 SYSTEMPATH\Common.php(1178): CodeIgniter\View\View->render('discussion', [], true)
 5 APPPATH\Controllers\Home.php(20): view('discussion', [...])
 6 SYSTEMPATH\CodeIgniter.php(941): App\Controllers\Home->discussion()
 7 SYSTEMPATH\CodeIgniter.php(502): CodeIgniter\CodeIgniter->runController(Object(App\Controllers\Home))
 8 SYSTEMPATH\CodeIgniter.php(361): CodeIgniter\CodeIgniter->handleRequest(null, Object(Config\Cache), false)
 9 FCPATH\index.php(79): CodeIgniter\CodeIgniter->run()
CRITICAL - 2024-03-06 15:29:07 --> ErrorException: Undefined variable $recent
in APPPATH\Controllers\Home.php on line 20.
 1 APPPATH\Controllers\Home.php(20): CodeIgniter\Debug\Exceptions->errorHandler(2, 'Undefined variable $recent', 'C:\\xampp\\htdocs\\sirah\\app\\Controllers\\Home.php', 20)
 2 SYSTEMPATH\CodeIgniter.php(941): App\Controllers\Home->discussion()
 3 SYSTEMPATH\CodeIgniter.php(502): CodeIgniter\CodeIgniter->runController(Object(App\Controllers\Home))
 4 SYSTEMPATH\CodeIgniter.php(361): CodeIgniter\CodeIgniter->handleRequest(null, Object(Config\Cache), false)
 5 FCPATH\index.php(79): CodeIgniter\CodeIgniter->run()
CRITICAL - 2024-03-06 15:34:59 --> ParseError: syntax error, unexpected variable "$key", expecting "," or ";"
in APPPATH\Views\discussion.php on line 33.
 1 SYSTEMPATH\View\View.php(231): CodeIgniter\View\View->CodeIgniter\View\{closure}()
 2 SYSTEMPATH\Common.php(1178): CodeIgniter\View\View->render('discussion', [], true)
 3 APPPATH\Controllers\Home.php(20): view('discussion', [...])
 4 SYSTEMPATH\CodeIgniter.php(941): App\Controllers\Home->discussion()
 5 SYSTEMPATH\CodeIgniter.php(502): CodeIgniter\CodeIgniter->runController(Object(App\Controllers\Home))
 6 SYSTEMPATH\CodeIgniter.php(361): CodeIgniter\CodeIgniter->handleRequest(null, Object(Config\Cache), false)
 7 FCPATH\index.php(79): CodeIgniter\CodeIgniter->run()
CRITICAL - 2024-03-06 15:35:18 --> Error: Call to undefined function character_limiter()
in APPPATH\Views\discussion.php on line 33.
 1 SYSTEMPATH\View\View.php(228): include()
 2 SYSTEMPATH\View\View.php(231): CodeIgniter\View\View->CodeIgniter\View\{closure}()
 3 SYSTEMPATH\Common.php(1178): CodeIgniter\View\View->render('discussion', [], true)
 4 APPPATH\Controllers\Home.php(20): view('discussion', [...])
 5 SYSTEMPATH\CodeIgniter.php(941): App\Controllers\Home->discussion()
 6 SYSTEMPATH\CodeIgniter.php(502): CodeIgniter\CodeIgniter->runController(Object(App\Controllers\Home))
 7 SYSTEMPATH\CodeIgniter.php(361): CodeIgniter\CodeIgniter->handleRequest(null, Object(Config\Cache), false)
 8 FCPATH\index.php(79): CodeIgniter\CodeIgniter->run()
CRITICAL - 2024-03-06 15:36:24 --> Error: Call to undefined function word_limiter()
in APPPATH\Views\discussion.php on line 33.
 1 SYSTEMPATH\View\View.php(228): include()
 2 SYSTEMPATH\View\View.php(231): CodeIgniter\View\View->CodeIgniter\View\{closure}()
 3 SYSTEMPATH\Common.php(1178): CodeIgniter\View\View->render('discussion', [], true)
 4 APPPATH\Controllers\Home.php(20): view('discussion', [...])
 5 SYSTEMPATH\CodeIgniter.php(941): App\Controllers\Home->discussion()
 6 SYSTEMPATH\CodeIgniter.php(502): CodeIgniter\CodeIgniter->runController(Object(App\Controllers\Home))
 7 SYSTEMPATH\CodeIgniter.php(361): CodeIgniter\CodeIgniter->handleRequest(null, Object(Config\Cache), false)
 8 FCPATH\index.php(79): CodeIgniter\CodeIgniter->run()
CRITICAL - 2024-03-06 15:36:26 --> Error: Call to undefined function word_limiter()
in APPPATH\Views\discussion.php on line 33.
 1 SYSTEMPATH\View\View.php(228): include()
 2 SYSTEMPATH\View\View.php(231): CodeIgniter\View\View->CodeIgniter\View\{closure}()
 3 SYSTEMPATH\Common.php(1178): CodeIgniter\View\View->render('discussion', [], true)
 4 APPPATH\Controllers\Home.php(20): view('discussion', [...])
 5 SYSTEMPATH\CodeIgniter.php(941): App\Controllers\Home->discussion()
 6 SYSTEMPATH\CodeIgniter.php(502): CodeIgniter\CodeIgniter->runController(Object(App\Controllers\Home))
 7 SYSTEMPATH\CodeIgniter.php(361): CodeIgniter\CodeIgniter->handleRequest(null, Object(Config\Cache), false)
 8 FCPATH\index.php(79): CodeIgniter\CodeIgniter->run()
CRITICAL - 2024-03-06 15:36:27 --> Error: Call to undefined function word_limiter()
in APPPATH\Views\discussion.php on line 33.
 1 SYSTEMPATH\View\View.php(228): include()
 2 SYSTEMPATH\View\View.php(231): CodeIgniter\View\View->CodeIgniter\View\{closure}()
 3 SYSTEMPATH\Common.php(1178): CodeIgniter\View\View->render('discussion', [], true)
 4 APPPATH\Controllers\Home.php(20): view('discussion', [...])
 5 SYSTEMPATH\CodeIgniter.php(941): App\Controllers\Home->discussion()
 6 SYSTEMPATH\CodeIgniter.php(502): CodeIgniter\CodeIgniter->runController(Object(App\Controllers\Home))
 7 SYSTEMPATH\CodeIgniter.php(361): CodeIgniter\CodeIgniter->handleRequest(null, Object(Config\Cache), false)
 8 FCPATH\index.php(79): CodeIgniter\CodeIgniter->run()
CRITICAL - 2024-03-06 15:36:47 --> Error: Call to undefined function word_limiter()
in APPPATH\Views\discussion.php on line 33.
 1 SYSTEMPATH\View\View.php(228): include()
 2 SYSTEMPATH\View\View.php(231): CodeIgniter\View\View->CodeIgniter\View\{closure}()
 3 SYSTEMPATH\Common.php(1178): CodeIgniter\View\View->render('discussion', [], true)
 4 APPPATH\Controllers\Home.php(20): view('discussion', [...])
 5 SYSTEMPATH\CodeIgniter.php(941): App\Controllers\Home->discussion()
 6 SYSTEMPATH\CodeIgniter.php(502): CodeIgniter\CodeIgniter->runController(Object(App\Controllers\Home))
 7 SYSTEMPATH\CodeIgniter.php(361): CodeIgniter\CodeIgniter->handleRequest(null, Object(Config\Cache), false)
 8 FCPATH\index.php(79): CodeIgniter\CodeIgniter->run()
CRITICAL - 2024-03-06 15:37:08 --> Error: Call to undefined function word_limiter()
in APPPATH\Views\discussion.php on line 33.
 1 SYSTEMPATH\View\View.php(228): include()
 2 SYSTEMPATH\View\View.php(231): CodeIgniter\View\View->CodeIgniter\View\{closure}()
 3 SYSTEMPATH\Common.php(1178): CodeIgniter\View\View->render('discussion', [], true)
 4 APPPATH\Controllers\Home.php(20): view('discussion', [...])
 5 SYSTEMPATH\CodeIgniter.php(941): App\Controllers\Home->discussion()
 6 SYSTEMPATH\CodeIgniter.php(502): CodeIgniter\CodeIgniter->runController(Object(App\Controllers\Home))
 7 SYSTEMPATH\CodeIgniter.php(361): CodeIgniter\CodeIgniter->handleRequest(null, Object(Config\Cache), false)
 8 FCPATH\index.php(79): CodeIgniter\CodeIgniter->run()
CRITICAL - 2024-03-06 15:39:22 --> Error: Call to undefined function word_limiter()
in APPPATH\Views\discussion.php on line 33.
 1 SYSTEMPATH\View\View.php(228): include()
 2 SYSTEMPATH\View\View.php(231): CodeIgniter\View\View->CodeIgniter\View\{closure}()
 3 SYSTEMPATH\Common.php(1178): CodeIgniter\View\View->render('discussion', [], true)
 4 APPPATH\Controllers\Home.php(20): view('discussion', [...])
 5 SYSTEMPATH\CodeIgniter.php(941): App\Controllers\Home->discussion()
 6 SYSTEMPATH\CodeIgniter.php(502): CodeIgniter\CodeIgniter->runController(Object(App\Controllers\Home))
 7 SYSTEMPATH\CodeIgniter.php(361): CodeIgniter\CodeIgniter->handleRequest(null, Object(Config\Cache), false)
 8 FCPATH\index.php(79): CodeIgniter\CodeIgniter->run()
CRITICAL - 2024-03-06 15:59:29 --> ParseError: syntax error, unexpected token ";"
in APPPATH\Views\discussion.php on line 38.
 1 SYSTEMPATH\View\View.php(231): CodeIgniter\View\View->CodeIgniter\View\{closure}()
 2 SYSTEMPATH\Common.php(1178): CodeIgniter\View\View->render('discussion', [], true)
 3 APPPATH\Controllers\Home.php(20): view('discussion', [...])
 4 SYSTEMPATH\CodeIgniter.php(941): App\Controllers\Home->discussion()
 5 SYSTEMPATH\CodeIgniter.php(502): CodeIgniter\CodeIgniter->runController(Object(App\Controllers\Home))
 6 SYSTEMPATH\CodeIgniter.php(361): CodeIgniter\CodeIgniter->handleRequest(null, Object(Config\Cache), false)
 7 FCPATH\index.php(79): CodeIgniter\CodeIgniter->run()
CRITICAL - 2024-03-06 16:09:07 --> ParseError: syntax error, unexpected token "function", expecting "("
in APPPATH\Controllers\Home.php on line 13.
 1 SYSTEMPATH\Autoloader\Autoloader.php(290): CodeIgniter\Autoloader\Autoloader->includeFile('C:\\xampp\\htdocs\\sirah\\app\\Controllers\\Home.php')
 2 SYSTEMPATH\Autoloader\Autoloader.php(266): CodeIgniter\Autoloader\Autoloader->loadInNamespace('App\\Controllers\\Home')
 3 [internal function]: CodeIgniter\Autoloader\Autoloader->loadClass('App\\Controllers\\Home')
 4 SYSTEMPATH\CodeIgniter.php(899): class_exists('\\App\\Controllers\\Home', true)
 5 SYSTEMPATH\CodeIgniter.php(489): CodeIgniter\CodeIgniter->startController()
 6 SYSTEMPATH\CodeIgniter.php(361): CodeIgniter\CodeIgniter->handleRequest(null, Object(Config\Cache), false)
 7 FCPATH\index.php(79): CodeIgniter\CodeIgniter->run()
CRITICAL - 2024-03-06 17:06:15 --> ParseError: syntax error, unexpected token "return"
in APPPATH\Controllers\Home.php on line 16.
 1 SYSTEMPATH\Autoloader\Autoloader.php(290): CodeIgniter\Autoloader\Autoloader->includeFile('C:\\xampp\\htdocs\\sirah\\app\\Controllers\\Home.php')
 2 SYSTEMPATH\Autoloader\Autoloader.php(266): CodeIgniter\Autoloader\Autoloader->loadInNamespace('App\\Controllers\\Home')
 3 [internal function]: CodeIgniter\Autoloader\Autoloader->loadClass('App\\Controllers\\Home')
 4 SYSTEMPATH\CodeIgniter.php(899): class_exists('\\App\\Controllers\\Home', true)
 5 SYSTEMPATH\CodeIgniter.php(489): CodeIgniter\CodeIgniter->startController()
 6 SYSTEMPATH\CodeIgniter.php(361): CodeIgniter\CodeIgniter->handleRequest(null, Object(Config\Cache), false)
 7 FCPATH\index.php(79): CodeIgniter\CodeIgniter->run()
CRITICAL - 2024-03-06 17:14:30 --> ParseError: syntax error, unexpected token ";"
in APPPATH\Views\page.php on line 15.
 1 SYSTEMPATH\View\View.php(231): CodeIgniter\View\View->CodeIgniter\View\{closure}()
 2 SYSTEMPATH\Common.php(1178): CodeIgniter\View\View->render('page', [], true)
 3 APPPATH\Controllers\Home.php(19): view('page', [...])
 4 SYSTEMPATH\CodeIgniter.php(941): App\Controllers\Home->page('vasdf')
 5 SYSTEMPATH\CodeIgniter.php(502): CodeIgniter\CodeIgniter->runController(Object(App\Controllers\Home))
 6 SYSTEMPATH\CodeIgniter.php(361): CodeIgniter\CodeIgniter->handleRequest(null, Object(Config\Cache), false)
 7 FCPATH\index.php(79): CodeIgniter\CodeIgniter->run()
CRITICAL - 2024-03-06 17:49:07 --> ParseError: syntax error, unexpected token "}", expecting variable or "{" or "$"
in APPPATH\Views\page.php on line 18.
 1 SYSTEMPATH\View\View.php(231): CodeIgniter\View\View->CodeIgniter\View\{closure}()
 2 SYSTEMPATH\Common.php(1178): CodeIgniter\View\View->render('page', [], true)
 3 APPPATH\Controllers\Home.php(19): view('page', [...])
 4 SYSTEMPATH\CodeIgniter.php(941): App\Controllers\Home->page('12')
 5 SYSTEMPATH\CodeIgniter.php(502): CodeIgniter\CodeIgniter->runController(Object(App\Controllers\Home))
 6 SYSTEMPATH\CodeIgniter.php(361): CodeIgniter\CodeIgniter->handleRequest(null, Object(Config\Cache), false)
 7 FCPATH\index.php(79): CodeIgniter\CodeIgniter->run()
CRITICAL - 2024-03-06 17:55:22 --> ParseError: Unclosed '{' on line 4
in APPPATH\Views\page.php on line 31.
 1 SYSTEMPATH\View\View.php(231): CodeIgniter\View\View->CodeIgniter\View\{closure}()
 2 SYSTEMPATH\Common.php(1178): CodeIgniter\View\View->render('page', [], true)
 3 APPPATH\Controllers\Home.php(19): view('page', [...])
 4 SYSTEMPATH\CodeIgniter.php(941): App\Controllers\Home->page('6')
 5 SYSTEMPATH\CodeIgniter.php(502): CodeIgniter\CodeIgniter->runController(Object(App\Controllers\Home))
 6 SYSTEMPATH\CodeIgniter.php(361): CodeIgniter\CodeIgniter->handleRequest(null, Object(Config\Cache), false)
 7 FCPATH\index.php(79): CodeIgniter\CodeIgniter->run()
CRITICAL - 2024-03-06 17:57:21 --> ParseError: syntax error, unexpected token ";"
in APPPATH\Views\page.php on line 21.
 1 SYSTEMPATH\View\View.php(231): CodeIgniter\View\View->CodeIgniter\View\{closure}()
 2 SYSTEMPATH\Common.php(1178): CodeIgniter\View\View->render('page', [], true)
 3 APPPATH\Controllers\Home.php(19): view('page', [...])
 4 SYSTEMPATH\CodeIgniter.php(941): App\Controllers\Home->page('6')
 5 SYSTEMPATH\CodeIgniter.php(502): CodeIgniter\CodeIgniter->runController(Object(App\Controllers\Home))
 6 SYSTEMPATH\CodeIgniter.php(361): CodeIgniter\CodeIgniter->handleRequest(null, Object(Config\Cache), false)
 7 FCPATH\index.php(79): CodeIgniter\CodeIgniter->run()
CRITICAL - 2024-03-06 18:39:57 --> ParseError: syntax error, unexpected token "return", expecting "," or ";"
in APPPATH\Controllers\Home.php on line 20.
 1 SYSTEMPATH\Autoloader\Autoloader.php(290): CodeIgniter\Autoloader\Autoloader->includeFile('C:\\xampp\\htdocs\\sirah\\app\\Controllers\\Home.php')
 2 SYSTEMPATH\Autoloader\Autoloader.php(266): CodeIgniter\Autoloader\Autoloader->loadInNamespace('App\\Controllers\\Home')
 3 [internal function]: CodeIgniter\Autoloader\Autoloader->loadClass('App\\Controllers\\Home')
 4 SYSTEMPATH\CodeIgniter.php(899): class_exists('\\App\\Controllers\\Home', true)
 5 SYSTEMPATH\CodeIgniter.php(489): CodeIgniter\CodeIgniter->startController()
 6 SYSTEMPATH\CodeIgniter.php(361): CodeIgniter\CodeIgniter->handleRequest(null, Object(Config\Cache), false)
 7 FCPATH\index.php(79): CodeIgniter\CodeIgniter->run()
CRITICAL - 2024-03-06 18:41:08 --> ParseError: syntax error, unexpected token "return"
in APPPATH\Controllers\Home.php on line 21.
 1 SYSTEMPATH\Autoloader\Autoloader.php(290): CodeIgniter\Autoloader\Autoloader->includeFile('C:\\xampp\\htdocs\\sirah\\app\\Controllers\\Home.php')
 2 SYSTEMPATH\Autoloader\Autoloader.php(266): CodeIgniter\Autoloader\Autoloader->loadInNamespace('App\\Controllers\\Home')
 3 [internal function]: CodeIgniter\Autoloader\Autoloader->loadClass('App\\Controllers\\Home')
 4 SYSTEMPATH\CodeIgniter.php(899): class_exists('\\App\\Controllers\\Home', true)
 5 SYSTEMPATH\CodeIgniter.php(489): CodeIgniter\CodeIgniter->startController()
 6 SYSTEMPATH\CodeIgniter.php(361): CodeIgniter\CodeIgniter->handleRequest(null, Object(Config\Cache), false)
 7 FCPATH\index.php(79): CodeIgniter\CodeIgniter->run()
CRITICAL - 2024-03-06 18:44:20 --> ErrorException: Undefined array key "w_sk"
in APPPATH\Controllers\Home.php on line 21.
 1 APPPATH\Controllers\Home.php(21): CodeIgniter\Debug\Exceptions->errorHandler(2, 'Undefined array key "w_sk"', 'C:\\xampp\\htdocs\\sirah\\app\\Controllers\\Home.php', 21)
 2 SYSTEMPATH\CodeIgniter.php(941): App\Controllers\Home->page('5')
 3 SYSTEMPATH\CodeIgniter.php(502): CodeIgniter\CodeIgniter->runController(Object(App\Controllers\Home))
 4 SYSTEMPATH\CodeIgniter.php(361): CodeIgniter\CodeIgniter->handleRequest(null, Object(Config\Cache), false)
 5 FCPATH\index.php(79): CodeIgniter\CodeIgniter->run()
CRITICAL - 2024-03-06 18:48:36 --> ErrorException: Undefined variable $data
in APPPATH\Views\page.php on line 4.
 1 APPPATH\Views\page.php(4): CodeIgniter\Debug\Exceptions->errorHandler(2, 'Undefined variable $data', 'C:\\xampp\\htdocs\\sirah\\app\\Views\\page.php', 4)
 2 SYSTEMPATH\View\View.php(228): include('C:\\xampp\\htdocs\\sirah\\app\\Views\\page.php')
 3 SYSTEMPATH\View\View.php(231): CodeIgniter\View\View->CodeIgniter\View\{closure}()
 4 SYSTEMPATH\Common.php(1178): CodeIgniter\View\View->render('page', [], true)
 5 APPPATH\Controllers\Home.php(23): view('page', [...])
 6 SYSTEMPATH\CodeIgniter.php(941): App\Controllers\Home->page('5')
 7 SYSTEMPATH\CodeIgniter.php(502): CodeIgniter\CodeIgniter->runController(Object(App\Controllers\Home))
 8 SYSTEMPATH\CodeIgniter.php(361): CodeIgniter\CodeIgniter->handleRequest(null, Object(Config\Cache), false)
 9 FCPATH\index.php(79): CodeIgniter\CodeIgniter->run()
CRITICAL - 2024-03-06 18:48:37 --> ErrorException: Undefined variable $data
in APPPATH\Views\page.php on line 4.
 1 APPPATH\Views\page.php(4): CodeIgniter\Debug\Exceptions->errorHandler(2, 'Undefined variable $data', 'C:\\xampp\\htdocs\\sirah\\app\\Views\\page.php', 4)
 2 SYSTEMPATH\View\View.php(228): include('C:\\xampp\\htdocs\\sirah\\app\\Views\\page.php')
 3 SYSTEMPATH\View\View.php(231): CodeIgniter\View\View->CodeIgniter\View\{closure}()
 4 SYSTEMPATH\Common.php(1178): CodeIgniter\View\View->render('page', [], true)
 5 APPPATH\Controllers\Home.php(23): view('page', [...])
 6 SYSTEMPATH\CodeIgniter.php(941): App\Controllers\Home->page('5')
 7 SYSTEMPATH\CodeIgniter.php(502): CodeIgniter\CodeIgniter->runController(Object(App\Controllers\Home))
 8 SYSTEMPATH\CodeIgniter.php(361): CodeIgniter\CodeIgniter->handleRequest(null, Object(Config\Cache), false)
 9 FCPATH\index.php(79): CodeIgniter\CodeIgniter->run()
CRITICAL - 2024-03-06 18:48:58 --> ErrorException: Undefined variable $key
in APPPATH\Views\page.php on line 11.
 1 APPPATH\Views\page.php(11): CodeIgniter\Debug\Exceptions->errorHandler(2, 'Undefined variable $key', 'C:\\xampp\\htdocs\\sirah\\app\\Views\\page.php', 11)
 2 SYSTEMPATH\View\View.php(228): include('C:\\xampp\\htdocs\\sirah\\app\\Views\\page.php')
 3 SYSTEMPATH\View\View.php(231): CodeIgniter\View\View->CodeIgniter\View\{closure}()
 4 SYSTEMPATH\Common.php(1178): CodeIgniter\View\View->render('page', [], true)
 5 APPPATH\Controllers\Home.php(23): view('page', [...])
 6 SYSTEMPATH\CodeIgniter.php(941): App\Controllers\Home->page('5')
 7 SYSTEMPATH\CodeIgniter.php(502): CodeIgniter\CodeIgniter->runController(Object(App\Controllers\Home))
 8 SYSTEMPATH\CodeIgniter.php(361): CodeIgniter\CodeIgniter->handleRequest(null, Object(Config\Cache), false)
 9 FCPATH\index.php(79): CodeIgniter\CodeIgniter->run()
CRITICAL - 2024-03-06 18:48:59 --> ErrorException: Undefined variable $key
in APPPATH\Views\page.php on line 11.
 1 APPPATH\Views\page.php(11): CodeIgniter\Debug\Exceptions->errorHandler(2, 'Undefined variable $key', 'C:\\xampp\\htdocs\\sirah\\app\\Views\\page.php', 11)
 2 SYSTEMPATH\View\View.php(228): include('C:\\xampp\\htdocs\\sirah\\app\\Views\\page.php')
 3 SYSTEMPATH\View\View.php(231): CodeIgniter\View\View->CodeIgniter\View\{closure}()
 4 SYSTEMPATH\Common.php(1178): CodeIgniter\View\View->render('page', [], true)
 5 APPPATH\Controllers\Home.php(23): view('page', [...])
 6 SYSTEMPATH\CodeIgniter.php(941): App\Controllers\Home->page('5')
 7 SYSTEMPATH\CodeIgniter.php(502): CodeIgniter\CodeIgniter->runController(Object(App\Controllers\Home))
 8 SYSTEMPATH\CodeIgniter.php(361): CodeIgniter\CodeIgniter->handleRequest(null, Object(Config\Cache), false)
 9 FCPATH\index.php(79): CodeIgniter\CodeIgniter->run()
CRITICAL - 2024-03-06 18:49:29 --> ErrorException: Undefined variable $key
in APPPATH\Views\page.php on line 11.
 1 APPPATH\Views\page.php(11): CodeIgniter\Debug\Exceptions->errorHandler(2, 'Undefined variable $key', 'C:\\xampp\\htdocs\\sirah\\app\\Views\\page.php', 11)
 2 SYSTEMPATH\View\View.php(228): include('C:\\xampp\\htdocs\\sirah\\app\\Views\\page.php')
 3 SYSTEMPATH\View\View.php(231): CodeIgniter\View\View->CodeIgniter\View\{closure}()
 4 SYSTEMPATH\Common.php(1178): CodeIgniter\View\View->render('page', [], true)
 5 APPPATH\Controllers\Home.php(23): view('page', [...])
 6 SYSTEMPATH\CodeIgniter.php(941): App\Controllers\Home->page('5')
 7 SYSTEMPATH\CodeIgniter.php(502): CodeIgniter\CodeIgniter->runController(Object(App\Controllers\Home))
 8 SYSTEMPATH\CodeIgniter.php(361): CodeIgniter\CodeIgniter->handleRequest(null, Object(Config\Cache), false)
 9 FCPATH\index.php(79): CodeIgniter\CodeIgniter->run()
CRITICAL - 2024-03-06 18:49:35 --> ErrorException: Undefined variable $key
in APPPATH\Views\page.php on line 11.
 1 APPPATH\Views\page.php(11): CodeIgniter\Debug\Exceptions->errorHandler(2, 'Undefined variable $key', 'C:\\xampp\\htdocs\\sirah\\app\\Views\\page.php', 11)
 2 SYSTEMPATH\View\View.php(228): include('C:\\xampp\\htdocs\\sirah\\app\\Views\\page.php')
 3 SYSTEMPATH\View\View.php(231): CodeIgniter\View\View->CodeIgniter\View\{closure}()
 4 SYSTEMPATH\Common.php(1178): CodeIgniter\View\View->render('page', [], true)
 5 APPPATH\Controllers\Home.php(23): view('page', [...])
 6 SYSTEMPATH\CodeIgniter.php(941): App\Controllers\Home->page('5')
 7 SYSTEMPATH\CodeIgniter.php(502): CodeIgniter\CodeIgniter->runController(Object(App\Controllers\Home))
 8 SYSTEMPATH\CodeIgniter.php(361): CodeIgniter\CodeIgniter->handleRequest(null, Object(Config\Cache), false)
 9 FCPATH\index.php(79): CodeIgniter\CodeIgniter->run()
CRITICAL - 2024-03-06 18:49:59 --> ErrorException: Undefined variable $key
in APPPATH\Views\page.php on line 11.
 1 APPPATH\Views\page.php(11): CodeIgniter\Debug\Exceptions->errorHandler(2, 'Undefined variable $key', 'C:\\xampp\\htdocs\\sirah\\app\\Views\\page.php', 11)
 2 SYSTEMPATH\View\View.php(228): include('C:\\xampp\\htdocs\\sirah\\app\\Views\\page.php')
 3 SYSTEMPATH\View\View.php(231): CodeIgniter\View\View->CodeIgniter\View\{closure}()
 4 SYSTEMPATH\Common.php(1178): CodeIgniter\View\View->render('page', [], true)
 5 APPPATH\Controllers\Home.php(23): view('page', [...])
 6 SYSTEMPATH\CodeIgniter.php(941): App\Controllers\Home->page('5')
 7 SYSTEMPATH\CodeIgniter.php(502): CodeIgniter\CodeIgniter->runController(Object(App\Controllers\Home))
 8 SYSTEMPATH\CodeIgniter.php(361): CodeIgniter\CodeIgniter->handleRequest(null, Object(Config\Cache), false)
 9 FCPATH\index.php(79): CodeIgniter\CodeIgniter->run()
CRITICAL - 2024-03-06 18:50:15 --> ErrorException: Undefined variable $key
in APPPATH\Views\page.php on line 11.
 1 APPPATH\Views\page.php(11): CodeIgniter\Debug\Exceptions->errorHandler(2, 'Undefined variable $key', 'C:\\xampp\\htdocs\\sirah\\app\\Views\\page.php', 11)
 2 SYSTEMPATH\View\View.php(228): include('C:\\xampp\\htdocs\\sirah\\app\\Views\\page.php')
 3 SYSTEMPATH\View\View.php(231): CodeIgniter\View\View->CodeIgniter\View\{closure}()
 4 SYSTEMPATH\Common.php(1178): CodeIgniter\View\View->render('page', [], true)
 5 APPPATH\Controllers\Home.php(23): view('page', [...])
 6 SYSTEMPATH\CodeIgniter.php(941): App\Controllers\Home->page('5')
 7 SYSTEMPATH\CodeIgniter.php(502): CodeIgniter\CodeIgniter->runController(Object(App\Controllers\Home))
 8 SYSTEMPATH\CodeIgniter.php(361): CodeIgniter\CodeIgniter->handleRequest(null, Object(Config\Cache), false)
 9 FCPATH\index.php(79): CodeIgniter\CodeIgniter->run()
CRITICAL - 2024-03-06 18:51:43 --> ParseError: syntax error, unexpected token "return"
in APPPATH\Controllers\Home.php on line 23.
 1 SYSTEMPATH\Autoloader\Autoloader.php(290): CodeIgniter\Autoloader\Autoloader->includeFile('C:\\xampp\\htdocs\\sirah\\app\\Controllers\\Home.php')
 2 SYSTEMPATH\Autoloader\Autoloader.php(266): CodeIgniter\Autoloader\Autoloader->loadInNamespace('App\\Controllers\\Home')
 3 [internal function]: CodeIgniter\Autoloader\Autoloader->loadClass('App\\Controllers\\Home')
 4 SYSTEMPATH\CodeIgniter.php(899): class_exists('\\App\\Controllers\\Home', true)
 5 SYSTEMPATH\CodeIgniter.php(489): CodeIgniter\CodeIgniter->startController()
 6 SYSTEMPATH\CodeIgniter.php(361): CodeIgniter\CodeIgniter->handleRequest(null, Object(Config\Cache), false)
 7 FCPATH\index.php(79): CodeIgniter\CodeIgniter->run()
CRITICAL - 2024-03-06 18:52:12 --> ParseError: Unclosed '{' on line 4
in APPPATH\Views\page.php on line 49.
 1 SYSTEMPATH\View\View.php(231): CodeIgniter\View\View->CodeIgniter\View\{closure}()
 2 SYSTEMPATH\Common.php(1178): CodeIgniter\View\View->render('page', [], true)
 3 APPPATH\Controllers\Home.php(20): view('page', [...])
 4 SYSTEMPATH\CodeIgniter.php(941): App\Controllers\Home->page('5')
 5 SYSTEMPATH\CodeIgniter.php(502): CodeIgniter\CodeIgniter->runController(Object(App\Controllers\Home))
 6 SYSTEMPATH\CodeIgniter.php(361): CodeIgniter\CodeIgniter->handleRequest(null, Object(Config\Cache), false)
 7 FCPATH\index.php(79): CodeIgniter\CodeIgniter->run()
CRITICAL - 2024-03-06 18:55:09 --> ParseError: Unclosed '{' on line 4
in APPPATH\Views\page.php on line 55.
 1 SYSTEMPATH\View\View.php(231): CodeIgniter\View\View->CodeIgniter\View\{closure}()
 2 SYSTEMPATH\Common.php(1178): CodeIgniter\View\View->render('page', [], true)
 3 APPPATH\Controllers\Home.php(20): view('page', [...])
 4 SYSTEMPATH\CodeIgniter.php(941): App\Controllers\Home->page('5')
 5 SYSTEMPATH\CodeIgniter.php(502): CodeIgniter\CodeIgniter->runController(Object(App\Controllers\Home))
 6 SYSTEMPATH\CodeIgniter.php(361): CodeIgniter\CodeIgniter->handleRequest(null, Object(Config\Cache), false)
 7 FCPATH\index.php(79): CodeIgniter\CodeIgniter->run()
CRITICAL - 2024-03-06 18:56:14 --> ErrorException: Undefined array key ""
in APPPATH\Views\page.php on line 31.
 1 APPPATH\Views\page.php(31): CodeIgniter\Debug\Exceptions->errorHandler(2, 'Undefined array key ""', 'C:\\xampp\\htdocs\\sirah\\app\\Views\\page.php', 31)
 2 SYSTEMPATH\View\View.php(228): include('C:\\xampp\\htdocs\\sirah\\app\\Views\\page.php')
 3 SYSTEMPATH\View\View.php(231): CodeIgniter\View\View->CodeIgniter\View\{closure}()
 4 SYSTEMPATH\Common.php(1178): CodeIgniter\View\View->render('page', [], true)
 5 APPPATH\Controllers\Home.php(20): view('page', [...])
 6 SYSTEMPATH\CodeIgniter.php(941): App\Controllers\Home->page('5')
 7 SYSTEMPATH\CodeIgniter.php(502): CodeIgniter\CodeIgniter->runController(Object(App\Controllers\Home))
 8 SYSTEMPATH\CodeIgniter.php(361): CodeIgniter\CodeIgniter->handleRequest(null, Object(Config\Cache), false)
 9 FCPATH\index.php(79): CodeIgniter\CodeIgniter->run()
CRITICAL - 2024-03-06 19:04:20 --> ErrorException: Cannot use [] for reading
in APPPATH\Views\page.php on line 57.
 1 [internal function]: CodeIgniter\Debug\Exceptions->shutdownHandler()
CRITICAL - 2024-03-06 19:10:43 --> ParseError: Unclosed '[' does not match ')'
in APPPATH\Views\page.php on line 57.
 1 SYSTEMPATH\View\View.php(231): CodeIgniter\View\View->CodeIgniter\View\{closure}()
 2 SYSTEMPATH\Common.php(1178): CodeIgniter\View\View->render('page', [], true)
 3 APPPATH\Controllers\Home.php(20): view('page', [...])
 4 SYSTEMPATH\CodeIgniter.php(941): App\Controllers\Home->page('6')
 5 SYSTEMPATH\CodeIgniter.php(502): CodeIgniter\CodeIgniter->runController(Object(App\Controllers\Home))
 6 SYSTEMPATH\CodeIgniter.php(361): CodeIgniter\CodeIgniter->handleRequest(null, Object(Config\Cache), false)
 7 FCPATH\index.php(79): CodeIgniter\CodeIgniter->run()
CRITICAL - 2024-03-06 19:12:47 --> ParseError: syntax error, unexpected variable "$key", expecting "," or ";"
in APPPATH\Views\page.php on line 57.
 1 SYSTEMPATH\View\View.php(231): CodeIgniter\View\View->CodeIgniter\View\{closure}()
 2 SYSTEMPATH\Common.php(1178): CodeIgniter\View\View->render('page', [], true)
 3 APPPATH\Controllers\Home.php(20): view('page', [...])
 4 SYSTEMPATH\CodeIgniter.php(941): App\Controllers\Home->page('6')
 5 SYSTEMPATH\CodeIgniter.php(502): CodeIgniter\CodeIgniter->runController(Object(App\Controllers\Home))
 6 SYSTEMPATH\CodeIgniter.php(361): CodeIgniter\CodeIgniter->handleRequest(null, Object(Config\Cache), false)
 7 FCPATH\index.php(79): CodeIgniter\CodeIgniter->run()
CRITICAL - 2024-03-06 19:18:36 --> ParseError: syntax error, unexpected token ";"
in APPPATH\Views\page.php on line 49.
 1 SYSTEMPATH\View\View.php(231): CodeIgniter\View\View->CodeIgniter\View\{closure}()
 2 SYSTEMPATH\Common.php(1178): CodeIgniter\View\View->render('page', [], true)
 3 APPPATH\Controllers\Home.php(20): view('page', [...])
 4 SYSTEMPATH\CodeIgniter.php(941): App\Controllers\Home->page('6')
 5 SYSTEMPATH\CodeIgniter.php(502): CodeIgniter\CodeIgniter->runController(Object(App\Controllers\Home))
 6 SYSTEMPATH\CodeIgniter.php(361): CodeIgniter\CodeIgniter->handleRequest(null, Object(Config\Cache), false)
 7 FCPATH\index.php(79): CodeIgniter\CodeIgniter->run()
CRITICAL - 2024-03-06 19:20:08 --> ParseError: syntax error, unexpected token "return", expecting "("
in APPPATH\Controllers\Home.php on line 22.
 1 SYSTEMPATH\Autoloader\Autoloader.php(290): CodeIgniter\Autoloader\Autoloader->includeFile('C:\\xampp\\htdocs\\sirah\\app\\Controllers\\Home.php')
 2 SYSTEMPATH\Autoloader\Autoloader.php(266): CodeIgniter\Autoloader\Autoloader->loadInNamespace('App\\Controllers\\Home')
 3 [internal function]: CodeIgniter\Autoloader\Autoloader->loadClass('App\\Controllers\\Home')
 4 SYSTEMPATH\CodeIgniter.php(899): class_exists('\\App\\Controllers\\Home', true)
 5 SYSTEMPATH\CodeIgniter.php(489): CodeIgniter\CodeIgniter->startController()
 6 SYSTEMPATH\CodeIgniter.php(361): CodeIgniter\CodeIgniter->handleRequest(null, Object(Config\Cache), false)
 7 FCPATH\index.php(79): CodeIgniter\CodeIgniter->run()
